@ Measure_optics:version %s "0.2.0"
@ Command %s "/usr/bin/python2 '/nfs/sadnas1a/users/lzuyangrj/Kmodu/Adam/Beta-Beat.src/measure_optics.py' '--model' 'model/' '--accel' 'skekb' '--files' 'output_example/unsynched_harmonic_output/HER_2019_05_20_18_30_00.sdds' '--output' 'output_example/unsynched_phase_output/HER_2019_05_20_18_30_00.sdds/'"
@ CWD %s "/nfs/sadnas1a/users/lzuyangrj/Kmodu/Adam/SKEKB_TbT_analysis"
@ Date %s "19. July 2019, 23:26:27"
@ Model_directory %s "model/"
@ Q1 %le 0.5440712693423853
@ Q2 %le 0.5929047258028299
@ RMSbetabeat %le 1.8645509867306795
@ RescalingFactor %le 1.0568778033270227
@ FILENAME %s "getampbetay.out"
*                 NAME                    S                COUNT                 BETY              BETYSTD              BETYMDL               MUYMDL            DELTABETY              BETYRES           BETYSTDRES
$                   %s                  %le                   %d                  %le                  %le                  %le                  %le                  %le                  %le                  %le
                MQC1LE            0.5300002                    1       5.291373643071                    0           93.6285972            0.2490992     -0.9434854969388       5.592335352472                    0
                MQC2LE            2.2500008                    1       21.70885552068                    0          291.1407337            0.2499778     -0.9254351830306       22.94360753544                    0
               MQLC3LE           12.9355133                    1        20.9194311351                    0            7.6774363            0.2953789       1.724793839722       22.10928242491                    0
               MQLC7LE           27.2720861                    1       3.407085707812                    0          227.9670433            0.7492946     -0.9850544813036       3.600873258619                    0
               MQLB1LE           55.2235731                    1       11.11383627393                    0          227.9626232            1.2500394     -0.9512471118383       11.74596686772                    0
               MQLB4LE           77.1787307                    1       20.55712502971                    0           18.1118897            1.9465966       0.135007189764       21.72636914412                    0
               MQLA2LE           98.9121927                    1       7.855724942335                    0           17.1404258            2.4533248     -0.5416843762227       8.302541320597                    0
               MQLA5LE          119.0986538                    1       13.35250092592                    0          234.1217208              2.94926     -0.9429676969728       14.11196184751                    0
                MQD3E1          164.5639584                    1       49.27769239952                    0           20.9498176            3.4064553       1.352177634211       52.08049929623                    0
                MQEAE4          230.8020191                    1      0.5264464264822                    0            7.6858431            4.3815318     -0.9315044010615      0.5563895427898                    0
                MQD3E4          270.0136808                    1       32.52892689259                    0           20.9498176            5.0411482      0.5527069263167       34.37910079883                    0
                MQEAE6          306.4724249                    1       4.845514407994                    0            7.6858431            5.5047961     -0.3695533014467        5.12111662351                    0
              MQTATNE1          354.4092937                    1       17.72931251313                    0           14.5078121            6.2268103      0.2220528078887       18.73771686337                    0
              MQTATNE2          397.7476034                    1       44.43478733499                    0           14.5078121            6.6685508       2.062817951371       46.96214042991                    0
                MQEAE8          472.7108711                    1       6.623828511322                    0            7.6858431            7.7060253     -0.1381780209223       7.000577326661                    0
                MQD3E8          511.9225329                    1       8.054553446261                    0           20.9498176            8.3656416     -0.6155310943489       8.512678753065                    0
               MQEAE10          548.3812769                    1       1.914964017845                    0            7.6858431            8.8292895     -0.7508452888084        2.02388296463                    0
               MQEAE11          597.0252838                    1       14.45960670199                    0            7.6858431            9.6370935      0.8813299352923       15.28203736817                    0
               MQR2NE1          696.7698054                    1       2.203086691152                    0            9.2517301             10.85891     -0.7618730045797       2.328393422684                    0
               MQFRNE3          753.3246054                    1        1.15887853169                    0            9.2517568           11.4337841      -0.874739624404       1.224792996896                    0
               MQDRNE5          781.6020054                    1       49.46241971671                    0           30.1970047           11.7122452      0.6379909268521       52.27573349744                    0
               MQEAE13           881.197528                    1       6.284273414712                    0            7.6858431           12.8899378     -0.1823573116251       6.641709082047                    0
               MQD3E12          947.4355886                    1       5.874511302119                    0           20.9498176           13.8650143     -0.7195912912331       6.208640600603                    0
               MQEAE16          983.8943327                    1       2.806971976306                    0            7.6858431           14.3286622     -0.6347867189344       2.966626376319                    0
               MQD3E14         1023.1059944                    1      0.4556450113972                    0           20.9498176           14.9882786     -0.9782506454186      0.4815610987424                    0
               MQEAE18         1059.5647385                    1       4.025595127694                    0            7.6858431           15.4519265     -0.4762324607311       4.254562135641                    0
              MQTANFE1         1107.5016074                    1       13.56846610296                    0           14.5078121           16.1739407    -0.06474759878092       14.34021064941                    0
               MQD3E16         1189.3444407                    1       5.382900667096                    0           20.9498176           17.1895078     -0.7430573969725       5.689068232568                    0
               MQEAE20         1225.8031848                    1       1.442551947938                    0            7.6858431           17.6531557     -0.8123105130863       1.524601133922                    0
               MQD3E18         1265.0148465                    1       15.23912865708                    0           20.9498176            18.312772     -0.2725889576683       16.10589681971                    0
               MQEAE22         1301.4735906                    1        10.9977733917                    0            7.6858431           18.7764199      0.4309130759779       11.62330258371                    0
               MQEAE23         1350.1175975                    1       22.06245273858                    0            7.6858431           19.5842239       1.870531241859       23.31731658635                    0
                 MQI6E         1404.3012987                    1       4.711371037068                    0           27.8083512           20.2018289     -0.8305771168099       4.979343472315                    0
                 MQI5E         1418.7440064                    1       1.003685131219                    0           69.7334913           20.2546404     -0.9856068423865       1.060772536715                    0
                 MQI4E         1424.1361014                    1      0.6430365804126                    0           30.1163345           20.2734103      -0.978648245509      0.6796110885654                    0
                MQX2RE         1494.6206604                    1      0.5153011115278                    0           22.2827608           21.2341795     -0.9768744494386      0.5446103068035                    0
                 MQM2E         1564.3492168                    1        2.85001239967                    0           28.5508884           22.0286912     -0.9001778032354       3.012114844418                    0
                 MQM7E         1608.8759522                    1       9.184270359052                    0           35.6097046           22.6624348      -0.742085185423       9.706651482236                    0
               MQEAE25         1634.7988225                    1       33.52590960569                    0            7.6858431           22.9865152       3.362034089102        35.4327896986                    0
               MQD3E21         1671.2575666                    1        2.53554255039                    0           20.9498176           23.4501631     -0.8789706622367       2.679758640898                    0
               MQEAE27         1710.4692283                    1       8.583110026511                    0            7.6858431           24.1097794      0.1167428107543       9.071298470533                    0
               MQD3E23         1746.9279724                    1       9.152547318088                    0           20.9498176           24.5734273     -0.5631204293593       9.673124104388                    0
               MQEAE29         1786.1396341                    1       20.53718471134                    0            7.6858431           25.2330437       1.672079620171       21.70529466425                    0
               MQEAE30          1813.166033                    1       5.178763973547                    0            7.6858431           25.5485039     -0.3261944192502       5.473320692311                    0
              MQTAFOE1         1861.1278611                    1       7.132892460744                    0           13.8843623           26.2818318     -0.4862643089669        7.53859571528                    0
              MQTAFOE2         1905.3942301                    1       4.004693962228                    0           13.8843623           26.7136413     -0.7115680305873       4.232472157797                    0
               MQEAE32         1980.3824571                    1       1.365899052902                    0            7.6858431           27.7624294      -0.822283770937       1.443588390598                    0
               MQD3E29         2065.4852081                    1       2.881509206348                    0           20.9498176           29.0338813     -0.8624565969325       3.045403120272                    0
               MQEAE35         2104.6968698                    1       3.511516101398                    0            7.6858431           29.6934976     -0.5431189453506       3.711243423593                    0
               MQR2ORE         2203.8099939                    1       8.861758319692                    0            4.7479218           30.8555494      0.8664499317769       9.365795666531                    0
               MQDROE5         2288.3421939                    1       6.064241868068                    0           29.3993215           32.0959819     -0.7937285094124       6.409162624368                    0
               MQEAE37         2389.8065079                    1       33.55410679222                    0            7.6858431           33.3509534        3.36570280653       35.46259067916                    0
               MQD3E31          2426.265252                    1       28.41469298352                    0           20.9498176           33.8146013      0.3563217363533       30.03085830263                    0
               MQEAE39         2465.4769137                    1      0.9632973078804                    0            7.6858431           34.4742177     -0.8746660196745       1.018087542704                    0
               MQD3E33         2501.9356578                    1       2.092700146977                    0           20.9498176           34.9378656     -0.9001089084911       2.211728334359                    0
               MQEAE41         2541.1473195                    1       10.07164496561                    0            7.6858431           35.5974819        0.31041511446       10.64449800714                    0
              MQTAOTE1         2616.1355465                    1       5.230610108447                    0           13.8843623             36.64627     -0.6232732915327       5.528115721475                    0
              MQTAOTE2         2660.4019155                    1      0.1139501337643                    0           13.8843623           37.0780795      -0.991792915562      0.1204313670616                    0
               MQEAE44         2735.3901425                    1        10.5474652345                    0            7.6858431           38.1268676      0.3723237772701        11.1473818877                    0
               MQEAE45         2784.0341494                    1       8.015502701752                    0            7.6858431           38.9346716     0.04289179436306       8.471406887989                    0
               MQD3E40           2850.27221                    1       6.761607965006                    0           20.9498176           39.9097482     -0.6772474064401       7.146193373014                    0
               MQLA2RE         2920.9780873                    1       10.18340529992                    0            4.4997139           41.0885679       1.263122839859       10.76261502377                    0
               MQLB8RE         2942.8131119                    1       33.68434405614                    0            2.4274661           41.6299859       12.87633963504       35.60023555256                    0
               MQLB1RE         2960.9918734                    1       17.76812417511                    0          263.1461398           42.3540933     -0.9324781120156       18.77873604744                    0
               MQLC7RE         2989.1433603                    1       19.52077606795                    0          263.1507975            42.854773     -0.9258190503187       20.63107492993                    0
               MQLC3RE         3003.3799331                    1       11.33179773214                    0           25.6036831           43.3284036     -0.5574153262293       11.97632549489                    0
                MQC2RE         3013.8146988                    1       4.044904076968                    0          263.7467378           43.3540103     -0.9846636811105       4.274969335534                    0
                MQC1RE         3015.7846995                    1      0.9752636325125                    0           93.6284372           43.3550008     -0.9895836813934       1.030734485595                    0