@ ErrorsFrom: %s "Analytical N-BPM method"
@ RCond %le 1e-10
@ RangeOfBPMs %d 11
@ Measure_optics:version %s "0.2.0"
@ FILENAME %s "getbetax.out"
@ Model_directory %s "model/"
@ CALCULATION_TIME %s "1.13 s"
@ Command %s "/usr/bin/python2 '/home/akoval/work_local/git/Beta-Beat.src/measure_optics.py' '--model' 'model/' '--accel' 'skekb' '--files' 'output_example/unsynched_harmonic_output/HER_2019_05_20_18_30_00.sdds' '--output' 'output_example/unsynched_phase_output/HER_2019_05_20_18_30_00.sdds/'"
@ RMS_BETABEAT %s "30.438 %"
@ Date %s "22. July 2019, 10:49:56"
@ BetaAlgorithmVersion %s "2018.7.a"
@ CWD %s "/home/akoval/work_afs/job3_Paul_Andreas_bbeating_tracking/git/SKEKB_TbT_analysis"
*                 NAME                    S              BETXMDL              ALFXMDL                 BETX             STATBETX              SYSBETX              ERRBETX                 ALFX             STATALFX              SYSALFX              ERRALFX                 CORR                NCOMB               BBEATX            DELTABETX
$                   %s                  %le                  %le                  %le                  %le                  %le                  %le                  %le                  %le                  %le                  %le                  %le                  %le                   %d                  %le                  %le
                MQC1LE            0.5300002            2.9087358           -5.2990847       4.503907876929                    0                    0       3.979906630205      -8.357733893686                    0                    0        14.6734299695                    0                   23      0.5484073448434      0.5484073448434
                MQC2LE            2.2500008          142.9688048         -106.7116067       76.34771654678                    0                    0       214.1864306894       -55.6370215314                    0                    0       318.2701675619                    0                   20     -0.4659833894983     -0.4659833894983
               MQLC3LE           12.9355133           26.9933253            1.1608736       22.32994399029                    0                    0       43.27172062008       1.071604137354                    0                    0       4.751542986429                    0                   27     -0.1727605346095     -0.1727605346095
               MQLC7LE           27.2720861            9.3764221           -1.0647787       9.080908871307                    0                    0       14.56649537724      -1.233072168029                    0                    0       4.317307344449                    0                   41     -0.0315166302819     -0.0315166302819
               MQLB1LE           55.2235731           12.5617527           -1.9840866       11.53148179785                    0                    0       15.60210332444      -1.984481663824                    0                    0        5.47106373747                    0                   43    -0.08201649298094    -0.08201649298094
               MQLB4LE           77.1787307           35.3516866            4.2598365       31.52225399838                    0                    0       32.36839707869       3.920713473925                    0                    0        7.79757852033                    0                   28     -0.1083239010616     -0.1083239010616
               MQLA2LE           98.9121927           36.8830728           -6.1504106       34.38217708035                    0                    0       32.61916408879      -5.525887607143                    0                    0       10.61847429152                    0                   35    -0.06780605654023    -0.06780605654023
               MQLA5LE          119.0986538           10.0415612           -3.1555304       10.49441317598                    0                    0       9.448682026715      -3.119511583035                    0                    0       5.670181651018                    0                   36     0.04509776587171     0.04509776587171
                MQD3E1          164.5639584            7.4403317            0.2028379       7.576196714033                    0                    0       7.176324180874     -0.2407648889301                    0                    0      0.9997373881879                    0                   45     0.01826061249836     0.01826061249836
                MQEAE4          230.8020191           48.5050151           -5.6463304       53.40880530039                    0                    0       43.92979283541      -6.363268962847                    0                    0       10.27721897474                    0                   45      0.1010986222823      0.1010986222823
                MQD3E4          270.0136808            7.4403317           -0.2028379       9.120197393411                    0                    0       6.229660781826     -0.2899022845906                    0                    0       1.039603819391                    0                   45      0.2257783337014      0.2257783337014
                MQEAE6          306.4724249           48.5050151           -5.6463304        58.6719419799                    0                    0       42.92673525662      -6.781744490962                    0                    0       9.989291865028                    0                   45      0.2096056842563      0.2096056842563
              MQTATNE1          354.4092937           45.9537751            4.4063204       35.74275897503                    0                    0        44.2402592318       3.588669202168                    0                    0       8.467563166122                    0                   37     -0.2222018996861     -0.2222018996861
              MQTATNE2          397.7476034           45.9537751           -4.4063204       39.14699781757                    0                    0       46.68595545704      -3.535599116987                    0                    0       9.005505855425                    0                   35      -0.148122265638      -0.148122265638
                MQEAE8          472.7108711           48.5050151           -5.6463304       50.78278888689                    0                    0       37.13621608761      -5.831258075541                    0                    0       8.754874139907                    0                   33     0.04695955216577     0.04695955216577
                MQD3E8          511.9225329            7.4403317           -0.2028379        8.11945335108                    0                    0       8.166953027334      -0.142778368329                    0                    0      0.9560048631276                    0                   40     0.09127572243588     0.09127572243588
               MQEAE10          548.3812769           48.5050151           -5.6463304       50.07514568098                    0                    0       48.65963623123      -5.730537223028                    0                    0       11.02035767197                    0                   32     0.03237047917086     0.03237047917086
               MQEAE11          597.0252838           48.5050151            5.6463304       45.58535586794                    0                    0       48.29571787187       5.643938748226                    0                    0       11.22314320312                    0                   27    -0.06019293522622    -0.06019293522622
               MQR2NE1          696.7698054           28.8232835            1.9137339       31.06120341034                    0                    0       26.81957171461       1.896106617589                    0                    0       3.474886000652                    0                   41     0.07764278175814     0.07764278175814
               MQFRNE3          753.3246054           28.8233021            1.9137359       33.20237332569                    0                    0       23.74730963986       2.104971851312                    0                    0       3.187475962273                    0                   35      0.1519281590465      0.1519281590465
               MQDRNE5          781.6020054            8.5241331            -0.615502       7.525182340658                    0                    0       6.991734343044     -0.5463336487967                    0                    0       1.797201129187                    0                   44      -0.117190891745      -0.117190891745
               MQEAE13           881.197528           48.5050151            5.6463304       50.37704200614                    0                    0       51.24620256822        5.87268870373                    0                    0       12.30817906428                    0                   36      0.0385945020795      0.0385945020795
               MQD3E12          947.4355886            7.4403317           -0.2028379       7.332159384766                    0                    0       6.811973548678     -0.1865742242339                    0                    0       1.160871020094                    0                   45    -0.01453864150094    -0.01453864150094
               MQEAE16          983.8943327           48.5050151           -5.6463304       45.70087349976                    0                    0       41.40758378301      -5.319537264391                    0                    0       9.478116099585                    0                   45    -0.05781137464772    -0.05781137464772
               MQD3E14         1023.1059944            7.4403317           -0.2028379       6.865523324699                    0                    0       7.069001258665       -0.25973921953                    0                    0       1.429962046015                    0                   45    -0.07725574591001    -0.07725574591001
               MQEAE18         1059.5647385           48.5050151           -5.6463304        44.7087348019                    0                    0       52.06493267195      -5.289844804903                    0                    0       12.63496402968                    0                   45    -0.07826572758039    -0.07826572758039
              MQTANFE1         1107.5016074           45.9537751            4.4063204       48.39405244584                    0                    0        44.0013449254       4.669181363744                    0                    0       8.606482749091                    0                   45      0.0531028700151      0.0531028700151
               MQD3E16         1189.3444407            7.4403317           -0.2028379       7.489381158087                    0                    0       6.285430198249    -0.08832726063052                    0                    0       1.131161199677                    0                   45    0.006592375187704    0.006592375187704
               MQEAE20         1225.8031848           48.5050151           -5.6463304       46.61296583753                    0                    0       37.76420403225       -5.27328601634                    0                    0       8.790376971316                    0                   45    -0.03900729148464    -0.03900729148464
               MQD3E18         1265.0148465            7.4403317           -0.2028379       6.555942522282                    0                    0        7.46199193915     -0.1562065328442                    0                    0       1.238915063933                    0                   45     -0.1188642137713     -0.1188642137713
               MQEAE22         1301.4735906           48.5050151           -5.6463304       43.34200069806                    0                    0        45.5918420014      -5.075122015962                    0                    0       10.65177994111                    0                   45     -0.1064428985601     -0.1064428985601
               MQEAE23         1350.1175975           48.5050151            5.6463304       52.84164667217                    0                    0       46.83723536619       6.095118196085                    0                    0       11.33931096677                    0                   28     0.08940583902984     0.08940583902984
                 MQI6E         1404.3012987           12.5196316           -1.2996081       14.17417243268                    0                    0       11.65501090696      -1.477026101388                    0                    0       2.413079595384                    0                   28       0.132155712368       0.132155712368
                 MQI5E         1418.7440064           36.6707357           -4.5163713       37.66279781425                    0                    0       28.77946833496       -4.49350351159                    0                    0       6.914717967204                    0                   44     0.02705323728353     0.02705323728353
                 MQI4E         1424.1361014          102.3414091           -7.6626934       106.2312183595                    0                    0       75.49063354121      -7.830444712495                    0                    0       11.09364005129                    0                   43     0.03800816593867     0.03800816593867
                MQX2RE         1494.6206604            79.143814            6.9773227       82.15283661926                    0                    0       77.18547403987       7.208152932789                    0                    0       13.25859487207                    0                   27     0.03801968173109     0.03801968173109
                 MQM2E         1564.3492168           29.3408767           -0.5146595        26.4643660419                    0                    0       27.92182411362     -0.4901995806967                    0                    0       1.490754508476                    0                   44    -0.09803765195947    -0.09803765195947
                 MQM7E         1608.8759522            5.5669757            0.5811089       6.498043425979                    0                    0       5.780733178965      0.4242176509213                    0                    0       1.481717986173                    0                   35      0.1672483905361      0.1672483905361
               MQEAE25         1634.7988225           48.5050151            5.6463304       54.02205988238                    0                    0       51.15273178308       5.985061391854                    0                    0       11.40580498618                    0                   34      0.1137417393027      0.1137417393027
               MQD3E21         1671.2575666            7.4403317            0.2028379       6.951626982609                    0                    0       7.811761264459      0.1942179834089                    0                    0       1.111205710518                    0                   26    -0.06568318955331    -0.06568318955331
               MQEAE27         1710.4692283           48.5050151            5.6463304       55.53817026032                    0                    0       36.38149964127       6.463723722878                    0                    0       8.361659575156                    0                   42      0.1449985150158      0.1449985150158
               MQD3E23         1746.9279724            7.4403317            0.2028379       8.595822027946                    0                    0       6.503147123372      0.2684993349763                    0                    0       0.983151853923                    0                   42      0.1553009159452      0.1553009159452
               MQEAE29         1786.1396341           48.5050151            5.6463304       50.67650325122                    0                    0       45.97970869548       6.052112760408                    0                    0       10.84122167232                    0                   43     0.04476832234247     0.04476832234247
               MQEAE30          1813.166033           48.5050151           -5.6463304       54.89695100419                    0                    0       43.77540018611      -6.342861529079                    0                    0       10.10590466135                    0                   45      0.1317788663916      0.1317788663916
              MQTAFOE1         1861.1278611           48.1181067            4.8487187       45.75957955174                    0                    0       43.26316550759        4.74611125235                    0                    0       8.558924445822                    0                   45    -0.04901537716285    -0.04901537716285
              MQTAFOE2         1905.3942301           48.1181067           -4.8487187       48.93159194661                    0                    0        44.4060577411      -4.812618682149                    0                    0       9.374930880521                    0                   36     0.01690601111299     0.01690601111299
               MQEAE32         1980.3824571           48.5050151           -5.6463304       44.92757958327                    0                    0       40.02104162258      -5.174190606945                    0                    0       9.268054436615                    0                   44    -0.07375393058542    -0.07375393058542
               MQD3E29         2065.4852081            7.4403317            0.2028379       7.576621258519                    0                    0       7.633113229157      0.1107192712015                    0                    0       1.842409818403                    0                   35     0.01831767238543     0.01831767238543
               MQEAE35         2104.6968698           48.5050151            5.6463304       51.93180890043                    0                    0       41.76404161207       6.040817795086                    0                    0       9.584324887316                    0                   28      0.0706482369579      0.0706482369579
               MQR2ORE         2203.8099939           34.8057218           -3.3658129        31.9750263433                    0                    0       29.09145071744      -3.085005677576                    0                    0       5.471865873821                    0                   44    -0.08132845148189    -0.08132845148189
               MQDROE5         2288.3421939            6.9657018            0.6768551       6.405097613822                    0                    0       6.077460453781      0.5623184685032                    0                    0       1.650040637104                    0                   35    -0.08048064678537    -0.08048064678537
               MQEAE37         2389.8065079           48.5050151            5.6463304       49.76863872427                    0                    0       41.92791332552       5.721965962746                    0                    0       9.609329119262                    0                   36     0.02605140152345     0.02605140152345
               MQD3E31          2426.265252            7.4403317            0.2028379        7.92426838166                    0                    0       6.296549823286     0.02965687160973                    0                    0       1.065752663189                    0                   45     0.06504235310644     0.06504235310644
               MQEAE39         2465.4769137           48.5050151            5.6463304       53.31555581199                    0                    0       43.52052155033       6.248495359831                    0                    0       9.831987517433                    0                   45     0.09917615120983     0.09917615120983
               MQD3E33         2501.9356578            7.4403317            0.2028379       7.989398564353                    0                    0       6.477599439988      0.2878759739602                    0                    0      0.9796308205073                    0                   45     0.07379601965237     0.07379601965237
               MQEAE41         2541.1473195           48.5050151            5.6463304       54.78549306199                    0                    0       41.58789994532       6.441023307249                    0                    0       9.828705732619                    0                   45      0.1294810020994      0.1294810020994
              MQTAOTE1         2616.1355465           48.1181067            4.8487187       41.35372130518                    0                    0       43.59872294615        4.11688428908                    0                    0       8.761744112479                    0                   36      -0.140578793696      -0.140578793696
              MQTAOTE2         2660.4019155           48.1181067           -4.8487187       41.45852421265                    0                    0       44.74381424393       -4.20629844303                    0                    0        9.08496979982                    0                   28     -0.1384007589673     -0.1384007589673
               MQEAE44         2735.3901425           48.5050151           -5.6463304       65.33510430323                    0                    0       36.90743944182       -7.78910417622                    0                    0       8.609275895709                    0                   41      0.3469762697432      0.3469762697432
               MQEAE45         2784.0341494           48.5050151            5.6463304       49.38887764934                    0                    0       48.39470151974       5.683640114994                    0                    0       11.68039762195                    0                   41      0.0182220858507      0.0182220858507
               MQD3E40           2850.27221            7.4403317           -0.2028379       7.374549806215                    0                    0       5.558600301453    -0.07353398655157                    0                    0       1.262043817131                    0                   41   -0.008841258217695   -0.008841258217695
               MQLA2RE         2920.9780873           78.5903189           -3.1552007       76.22963606767                    0                    0       102.8827867388      -3.287567085574                    0                    0       8.605644420163                    0                   16    -0.03003783246299    -0.03003783246299
               MQLB8RE         2942.8131119           78.6738756            3.0596957       78.53548214161                    0                    0       102.7827668903       2.929074143576                    0                    0       7.810920833489                    0                   21   -0.001759077677691   -0.001759077677691
               MQLB1RE         2960.9918734            6.3964764            0.1355252       10.68738766224                    0                    0       7.554207070535      0.7059599997537                    0                    0       0.826256591198                    0                   40       0.670824215382       0.670824215382
               MQLC7RE         2989.1433603            5.1390694            0.9907191       3.219209233159                    0                    0       9.056019214392      0.9571426386269                    0                    0       3.979519249869                    0                   35     -0.3735812882466     -0.3735812882466
               MQLC3RE         3003.3799331           34.9614517           -2.6137639       34.04030241909                    0                    0       62.40178409484      -2.858625376674                    0                    0       9.952935991731                    0                   29    -0.02634756956942    -0.02634756956942
                MQC2RE         3013.8146988          190.7130202          118.3642996      -74.64216758741                    0                    0       656.9773426339      -49.89223808662                    0                    0       810.1117899652                    0                   10      -1.391384749238      -1.391384749238
                MQC1RE         3015.7846995            2.9087304            5.2990527       7.549609768515                    0                    0       5.574395274129         13.985306555                    0                    0       21.07166297977                    0                   20       1.595500005265       1.595500005265