@ Measure_optics:version %s "0.2.0"
@ Command %s "/usr/bin/python2 '/nfs/sadnas1a/users/lzuyangrj/Kmodu/Adam/Beta-Beat.src/measure_optics.py' '--model' 'model/' '--accel' 'skekb' '--files' 'output_example/unsynched_harmonic_output/HER_2019_05_20_18_30_00.sdds' '--output' 'output_example/unsynched_phase_output/HER_2019_05_20_18_30_00.sdds/'"
@ CWD %s "/nfs/sadnas1a/users/lzuyangrj/Kmodu/Adam/SKEKB_TbT_analysis"
@ Date %s "19. July 2019, 23:26:27"
@ Model_directory %s "model/"
@ FILENAME %s "getcoupleterms.out"
@ DQMIN %le -1.0
@ DQMINE %le 1.48323969742e-08
*                 NAME                    S                 DETC                DETCE                GAMMA               GAMMAE                  C11                  C12                  C21                  C22
$                   %s                  %le                  %le                  %le                  %le                  %le                  %le                  %le                  %le                  %le
               MQLC7LE           27.2720861                  nan                   -1                   -1                   -1                   -1                   -1                   -1                   -1
               MQLB4LE           77.1787307                  nan                   -1                   -1                   -1                   -1                   -1                   -1                   -1
                MQEAE6          306.4724249                  nan                   -1                   -1                   -1                   -1                   -1                   -1                   -1
              MQTATNE2          397.7476034                  nan                   -1                   -1                   -1                   -1                   -1                   -1                   -1
                MQEAE8          472.7108711                  nan                   -1                   -1                   -1                   -1                   -1                   -1                   -1
               MQFRNE3          753.3246054                  nan                   -1                   -1                   -1                   -1                   -1                   -1                   -1
               MQD3E12          947.4355886                  nan                   -1                   -1                   -1                   -1                   -1                   -1                   -1
              MQTANFE1         1107.5016074                  nan                   -1                   -1                   -1                   -1                   -1                   -1                   -1
                 MQI5E         1418.7440064                  nan                   -1                   -1                   -1                   -1                   -1                   -1                   -1
               MQD3E23         1746.9279724                  nan                   -1                   -1                   -1                   -1                   -1                   -1                   -1
               MQEAE29         1786.1396341                  nan                   -1                   -1                   -1                   -1                   -1                   -1                   -1
               MQR2ORE         2203.8099939                  nan                   -1                   -1                   -1                   -1                   -1                   -1                   -1
               MQEAE37         2389.8065079                  nan                   -1                   -1                   -1                   -1                   -1                   -1                   -1
               MQEAE39         2465.4769137                  nan                   -1                   -1                   -1                   -1                   -1                   -1                   -1
               MQEAE44         2735.3901425                  nan                   -1                   -1                   -1                   -1                   -1                   -1                   -1
               MQEAE45         2784.0341494                  nan                   -1                   -1                   -1                   -1                   -1                   -1                   -1
               MQD3E40           2850.27221                  nan                   -1                   -1                   -1                   -1                   -1                   -1                   -1