@ Measure_optics:version %s "0.2.0"
@ Command %s "/usr/bin/python2 '/nfs/sadnas1a/users/lzuyangrj/Kmodu/Adam/Beta-Beat.src/measure_optics.py' '--model' 'model/' '--accel' 'skekb' '--files' 'output_example/unsynched_harmonic_output/HER_2019_05_20_18_30_00.sdds' '--output' 'output_example/unsynched_phase_output/HER_2019_05_20_18_30_00.sdds/'"
@ CWD %s "/nfs/sadnas1a/users/lzuyangrj/Kmodu/Adam/SKEKB_TbT_analysis"
@ Date %s "19. July 2019, 23:26:27"
@ Model_directory %s "model/"
@ Q1 %le 0.5440712693423853
@ Q2 %le 0.5929047258028299
@ FILENAME %s "getphasetoty.out"
*                    S               MUYMDL                 NAME                NAME2                   S2               PHASEY               STDPHY               PHYMDL          DELTAPHASEY
$                  %le                  %le                   %s                   %s                  %le                  %le                  %le                  %le                  %le
             0.5300002            0.2490992               MQC1LE               MQC1LE            0.5300002                    0                  nan                    0                    0
             2.2500008            0.2499778               MQC2LE               MQC1LE            0.5300002      0.9629306271105                  nan            0.0008786     -0.0379479728895
            12.9355133            0.2953789              MQLC3LE               MQC1LE            0.5300002      0.2078173962482                  nan            0.0462797      0.1615376962482
            27.2720861            0.7492946              MQLC7LE               MQC1LE            0.5300002      0.8268083299344                  nan            0.5001954      0.3266129299344
            55.2235731            1.2500394              MQLB1LE               MQC1LE            0.5300002      0.2017423667421                  nan   0.0009401999999998      0.2008021667421
            77.1787307            1.9465966              MQLB4LE               MQC1LE            0.5300002      0.4429058868579                  nan            0.6974974     -0.2545915131421
            98.9121927            2.4533248              MQLA2LE               MQC1LE            0.5300002      0.2859438230663                  nan            0.2042256     0.08171822306629
           119.0986538              2.94926              MQLA5LE               MQC1LE            0.5300002      0.4547131145901                  nan            0.7001608     -0.2454476854099
           164.5639584            3.4064553               MQD3E1               MQC1LE            0.5300002      0.4717852068616                  nan            0.1573561      0.3144291068616
           230.8020191            4.3815318               MQEAE4               MQC1LE            0.5300002      0.4046247522469                  nan            0.1324326      0.2721921522469
           270.0136808            5.0411482               MQD3E4               MQC1LE            0.5300002      0.7122582465142                  nan             0.792049     -0.0797907534858
           306.4724249            5.5047961               MQEAE6               MQC1LE            0.5300002       0.275428629391                  nan            0.2556969     0.01973172939096
           354.4092937            6.2268103             MQTATNE1               MQC1LE            0.5300002      0.8597561095787                  nan            0.9777111     -0.1179549904213
           397.7476034            6.6685508             MQTATNE2               MQC1LE            0.5300002      0.2056767632704                  nan            0.4194516     -0.2137748367297
           472.7108711            7.7060253               MQEAE8               MQC1LE            0.5300002      0.8407661465261                  nan            0.4569261      0.3838400465261
           511.9225329            8.3656416               MQD3E8               MQC1LE            0.5300002      0.9367176060533                  nan            0.1165424     -0.1798247939467
           548.3812769            8.8292895              MQEAE10               MQC1LE            0.5300002      0.4637818515232                  nan            0.5801903     -0.1164084484768
           597.0252838            9.6370935              MQEAE11               MQC1LE            0.5300002      0.4449566648594                  nan            0.3879943      0.0569623648594
           696.7698054             10.85891              MQR2NE1               MQC1LE            0.5300002      0.4190989641219                  nan            0.6098108     -0.1907118358781
           753.3246054           11.4337841              MQFRNE3               MQC1LE            0.5300002      0.5277965533209                  nan            0.1846849      0.3431116533209
           781.6020054           11.7122452              MQDRNE5               MQC1LE            0.5300002      0.7085658364222                  nan             0.463146      0.2454198364222
            881.197528           12.8899378              MQEAE13               MQC1LE            0.5300002      0.7143143478696                  nan            0.6408386      0.0734757478696
           947.4355886           13.8650143              MQD3E12               MQC1LE            0.5300002       0.524437045289                  nan            0.6159151      -0.091478054711
           983.8943327           14.3286622              MQEAE16               MQC1LE            0.5300002      0.4539719900411                  nan             0.079563      0.3744089900411
          1023.1059944           14.9882786              MQD3E14               MQC1LE            0.5300002      0.6905195570616                  nan            0.7391794     -0.0486598429384
          1059.5647385           15.4519265              MQEAE18               MQC1LE            0.5300002      0.1475852980766                  nan            0.2028273    -0.05524200192342
          1107.5016074           16.1739407             MQTANFE1               MQC1LE            0.5300002      0.3019729034479                  nan            0.9248415      0.3771314034479
          1189.3444407           17.1895078              MQD3E16               MQC1LE            0.5300002      0.5701531882004                  nan            0.9404086     -0.3702554117996
          1225.8031848           17.6531557              MQEAE20               MQC1LE            0.5300002      0.3822096792832                  nan            0.4040565     -0.0218468207168
          1265.0148465            18.312772              MQD3E18               MQC1LE            0.5300002      0.5733938213468                  nan            0.0636728     -0.4902789786532
          1301.4735906           18.7764199              MQEAE22               MQC1LE            0.5300002      0.2767677803678                  nan            0.5273207     -0.2505529196323
          1350.1175975           19.5842239              MQEAE23               MQC1LE            0.5300002      0.9409856023588                  nan            0.3351247     -0.3941390976412
          1404.3012987           20.2018289                MQI6E               MQC1LE            0.5300002      0.9383745227651                  nan            0.9527297     -0.0143551772349
          1418.7440064           20.2546404                MQI5E               MQC1LE            0.5300002       0.169325208967                  nan            0.0055412       0.163784008967
          1424.1361014           20.2734103                MQI4E               MQC1LE            0.5300002      0.2541021275711                  nan            0.0243111      0.2297910275711
          1494.6206604           21.2341795               MQX2RE               MQC1LE            0.5300002       0.062226777345                  nan            0.9850803       0.077146477345
          1564.3492168           22.0286912                MQM2E               MQC1LE            0.5300002        0.21893890893                  nan             0.779592        0.43934690893
          1608.8759522           22.6624348                MQM7E               MQC1LE            0.5300002      0.3727925035112                  nan            0.4133356     -0.0405430964888
          1634.7988225           22.9865152              MQEAE25               MQC1LE            0.5300002      0.1241348334965                  nan             0.737416      0.3867188334965
          1671.2575666           23.4501631              MQD3E21               MQC1LE            0.5300002      0.2475017561278                  nan            0.2010639     0.04643785612781
          1710.4692283           24.1097794              MQEAE27               MQC1LE            0.5300002      0.1234383281071                  nan            0.8606802      0.2627581281071
          1746.9279724           24.5734273              MQD3E23               MQC1LE            0.5300002      0.5912534746789                  nan            0.3243281      0.2669253746789
          1786.1396341           25.2330437              MQEAE29               MQC1LE            0.5300002       0.034067817066                  nan            0.9839445       0.050123317066
           1813.166033           25.5485039              MQEAE30               MQC1LE            0.5300002      0.8872353751106                  nan            0.2994047     -0.4121693248894
          1861.1278611           26.2818318             MQTAFOE1               MQC1LE            0.5300002      0.6497163092302                  nan            0.0327326     -0.3830162907698
          1905.3942301           26.7136413             MQTAFOE2               MQC1LE            0.5300002      0.5184714829787                  nan            0.4645421      0.0539293829787
          1980.3824571           27.7624294              MQEAE32               MQC1LE            0.5300002      0.7182516851026                  nan            0.5133302      0.2049214851026
          2065.4852081           29.0338813              MQD3E29               MQC1LE            0.5300002      0.8626321662517                  nan            0.7847821      0.0778500662517
          2104.6968698           29.6934976              MQEAE35               MQC1LE            0.5300002      0.8430937188687                  nan            0.4443984      0.3986953188687
          2203.8099939           30.8555494              MQR2ORE               MQC1LE            0.5300002      0.4619994252126                  nan            0.6064502     -0.1444507747874
          2288.3421939           32.0959819              MQDROE5               MQC1LE            0.5300002      0.9394820404987                  nan            0.8468827      0.0925993404987
          2389.8065079           33.3509534              MQEAE37               MQC1LE            0.5300002      0.7567155290067                  nan            0.1018542     -0.3451386709933
           2426.265252           33.8146013              MQD3E31               MQC1LE            0.5300002      0.2068718715145                  nan            0.5655021     -0.3586302284855
          2465.4769137           34.4742177              MQEAE39               MQC1LE            0.5300002      0.8169353634045                  nan            0.2251185     -0.4081831365955
          2501.9356578           34.9378656              MQD3E33               MQC1LE            0.5300002       0.433019539141                  nan            0.6887664      -0.255746860859
          2541.1473195           35.5974819              MQEAE41               MQC1LE            0.5300002      0.5987472183907                  nan            0.3483827      0.2503645183907
          2616.1355465             36.64627             MQTAOTE1               MQC1LE            0.5300002      0.3666428802498                  nan            0.3971708     -0.0305279197502
          2660.4019155           37.0780795             MQTAOTE2               MQC1LE            0.5300002      0.6108620819379                  nan            0.8289803     -0.2181182180621
          2735.3901425           38.1268676              MQEAE44               MQC1LE            0.5300002      0.0161806647273                  nan            0.8777684      0.1384122647273
          2784.0341494           38.9346716              MQEAE45               MQC1LE            0.5300002      0.4208042056037                  nan            0.6855724     -0.2647681943963
            2850.27221           39.9097482              MQD3E40               MQC1LE            0.5300002      0.9154409794275                  nan             0.660649      0.2547919794275
          2920.9780873           41.0885679              MQLA2RE               MQC1LE            0.5300002      0.8011840807314                  nan            0.8394687     -0.0382846192686
          2942.8131119           41.6299859              MQLB8RE               MQC1LE            0.5300002       0.282738306728                  nan            0.3808867    -0.09814839327202
          2960.9918734           42.3540933              MQLB1RE               MQC1LE            0.5300002       0.080567342606                  nan            0.1049941      -0.024426757394
          2989.1433603            42.854773              MQLC7RE               MQC1LE            0.5300002      0.8835428639337                  nan            0.6056738      0.2778690639337
          3003.3799331           43.3284036              MQLC3RE               MQC1LE            0.5300002      0.1427963066449                  nan            0.0793044      0.0634919066449
          3013.8146988           43.3540103               MQC2RE               MQC1LE            0.5300002      0.7698616044719                  nan            0.1049111     -0.3350494955281
          3015.7846995           43.3550008               MQC1RE               MQC1LE            0.5300002      0.3335239780899                  nan            0.1059016      0.2276223780899