@ ErrorsFrom: %s "Analytical N-BPM method"
@ RCond %le 1e-10
@ RangeOfBPMs %d 11
@ Measure_optics:version %s "0.2.0"
@ FILENAME %s "getbetay.out"
@ Model_directory %s "model/"
@ CALCULATION_TIME %s "0.75 s"
@ Command %s "/usr/bin/python2 '/home/akoval/work_local/git/Beta-Beat.src/measure_optics.py' '--model' 'model/' '--accel' 'skekb' '--files' 'output_example/synched_harmonic_output/HER_2019_05_20_18_30_09.sdds' '--output' 'output_example/synched_phase_output/HER_2019_05_20_18_30_09.sdds/'"
@ RMS_BETABEAT %s "157.311 %"
@ Date %s "22. July 2019, 10:50:33"
@ BetaAlgorithmVersion %s "2018.7.a"
@ CWD %s "/home/akoval/work_afs/job3_Paul_Andreas_bbeating_tracking/git/SKEKB_TbT_analysis"
*                 NAME                    S              BETYMDL              ALFYMDL                 BETY             STATBETY              SYSBETY              ERRBETY                 ALFY             STATALFY              SYSALFY              ERRALFY                 CORR                NCOMB               BBEATY            DELTABETY
$                   %s                  %le                  %le                  %le                  %le                  %le                  %le                  %le                  %le                  %le                  %le                  %le                  %le                   %d                  %le                  %le
                MQC1LE            0.5300002           93.6285972         -176.6390896       34.09728237722                    0                    0        381.394911105      -63.92015536072                    0                    0        1436.08211114                    0                    1     -0.6358240602026     -0.6358240602026
                MQC2LE            2.2500008          291.1407337             168.5324       114.0092032365                    0                    0       1205.635972045       67.18576857328                    0                    0       1398.898188646                    0                    1     -0.6084051799017     -0.6084051799017
               MQLC3LE           12.9355133            7.6774363            3.9602896      -1.179136081126                    0                    0        8.35523474148     -0.8272091034906                    0                    0       9.794927404853                    0                   20       -1.15358461276       -1.15358461276
               MQLC7LE           27.2720861          227.9670433            2.7768696       1368.169024861                    0                    0       1048.064336879       21.50813951915                    0                    0       29.02563077799                    0                    4       5.001608851242       5.001608851242
               MQLB1LE           55.2235731          227.9626232           -2.7726728       684.0738632085                    0                    0       537.5387675135       -7.05844224056                    0                    0       11.06869732992                    0                    8       2.000815895193       2.000815895193
               MQLB4LE           77.1787307           18.1118897           -5.8434664       15.21119294677                    0                    0       41.50458516773       -5.01645536309                    0                    0       29.10111748259                    0                   11       -0.16015428546       -0.16015428546
               MQLA2LE           98.9121927           17.1404258            6.7980612      -5.844708856502                    0                    0       25.90834455366      -4.592856651197                    0                    0       19.72082656699                    0                   11      -1.340989711965      -1.340989711965
               MQLA5LE          119.0986538          234.1217208           14.3138633       80.43532774299                    0                    0       485.4203688002      -5.350067120675                    0                    0       65.60241975379                    0                    6     -0.6564379952952     -0.6564379952952
                MQD3E1          164.5639584           20.9498176            1.7084092      -16.66519893729                    0                    0       20.27499483057      -1.080346742255                    0                    0       3.044853546036                    0                   20      -1.795481815426      -1.795481815426
                MQEAE4          230.8020191            7.6858431            1.2526734       18.26631227338                    0                    0       6.692751804814        4.27557162705                    0                    0       2.225456466772                    0                   22       1.376617898091       1.376617898091
                MQD3E4          270.0136808           20.9498176           -1.7084092      -10.67750939134                    0                    0       15.74763325607       1.092975565601                    0                    0       2.970498063152                    0                   18      -1.509670756816      -1.509670756816
                MQEAE6          306.4724249            7.6858431            1.2526734       3.496935208315                    0                    0       6.653426750948      0.3412616736228                    0                    0       2.258774820347                    0                   19     -0.5450160557772     -0.5450160557772
              MQTATNE1          354.4092937           14.5078121           -1.2253565       43.40328731604                    0                    0        12.8676516257      -4.274464718884                    0                    0       2.147682573694                    0                   32       1.991718325056       1.991718325056
              MQTATNE2          397.7476034           14.5078121            1.2253565       19.60537292704                    0                    0       14.70132381665      0.4383617401616                    0                    0       2.894090137322                    0                   27      0.3513666148899      0.3513666148899
                MQEAE8          472.7108711            7.6858431            1.2526734       10.46553403323                    0                    0       7.085969458996        2.33100736992                    0                    0       2.783048455197                    0                   28      0.3616637624604      0.3616637624604
                MQD3E8          511.9225329           20.9498176           -1.7084092       44.06809357851                    0                    0       19.04611239307      -3.085302585642                    0                    0       3.526024860501                    0                   23       1.103507267696       1.103507267696
               MQEAE10          548.3812769            7.6858431            1.2526734       9.877763874364                    0                    0       6.873787492789       2.007891592827                    0                    0       2.122452314848                    0                   19      0.2851893729608      0.2851893729608
               MQEAE11          597.0252838            7.6858431           -1.2526734       2.184967244654                    0                    0       10.71495523455     -0.7450679323064                    0                    0       3.035757824888                    0                   28     -0.7157153462249     -0.7157153462249
               MQR2NE1          696.7698054            9.2517301           -0.6740765       25.92833649119                    0                    0       13.44971953507     -0.1030227284363                    0                    0       3.329136815811                    0                   15       1.802539223577       1.802539223577
               MQFRNE3          753.3246054            9.2517568           -0.6740695      -39.11345095048                    0                    0        8.88049277834       5.994639103597                    0                    0       2.008965606011                    0                   20      -5.227678244901      -5.227678244901
               MQDRNE5          781.6020054           30.1970047            1.9356985       110.1522844098                    0                    0       30.26577147797       6.192090288405                    0                    0       4.589156924164                    0                   29       2.647788431474       2.647788431474
               MQEAE13           881.197528            7.6858431           -1.2526734       14.58793608837                    0                    0       8.859540749803      -2.528635408784                    0                    0        3.38688996724                    0                   26      0.8980267875057      0.8980267875057
               MQD3E12          947.4355886           20.9498176           -1.7084092        55.9489100527                    0                    0       20.48348764402      -3.386751835781                    0                    0       3.899441910695                    0                   24       1.670615616849       1.670615616849
               MQEAE16          983.8943327            7.6858431            1.2526734       4.243398644045                    0                    0       5.880347270465       0.724225071219                    0                    0       2.120233377009                    0                   27     -0.4478941882062     -0.4478941882062
               MQD3E14         1023.1059944           20.9498176           -1.7084092        25.2844785759                    0                    0       19.32259983151      -1.738993758369                    0                    0       3.164818317987                    0                   19      0.2069068599385      0.2069068599385
               MQEAE18         1059.5647385            7.6858431            1.2526734       15.04001095737                    0                    0       7.411284384003       1.150595600611                    0                    0       2.389702583483                    0                   27      0.9568459519259      0.9568459519259
              MQTANFE1         1107.5016074           14.5078121           -1.2253565        4.31420636923                    0                    0       13.68704439621     -0.1813553748911                    0                    0       2.237177192528                    0                   16     -0.7026287396409     -0.7026287396409
               MQD3E16         1189.3444407           20.9498176           -1.7084092       18.94168982447                    0                    0        19.3125749038      0.3673828741932                    0                    0       3.101910914221                    0                   20    -0.09585418898965    -0.09585418898965
               MQEAE20         1225.8031848            7.6858431            1.2526734      0.5934396322991                    0                    0       6.633825871078      0.2851410584956                    0                    0        2.68834747419                    0                   23     -0.9227879590335     -0.9227879590335
               MQD3E18         1265.0148465           20.9498176           -1.7084092       11.39993884062                    0                    0        20.4460657167      -1.634694047774                    0                    0       4.239742596821                    0                   28     -0.4558454370207     -0.4558454370207
               MQEAE22         1301.4735906            7.6858431            1.2526734       4.052923485782                    0                    0       7.510845415608      0.1106508033284                    0                    0       2.333336425091                    0                   24     -0.4726767860013     -0.4726767860013
               MQEAE23         1350.1175975            7.6858431           -1.2526734       -19.9762554283                    0                    0        9.53095674592        3.00504657631                    0                    0       2.147589276323                    0                   21      -3.599097479403      -3.599097479403
                 MQI6E         1404.3012987           27.8083512            1.2057705      -14.64947403197                    0                    0         25.681842841    -0.04119523813343                    0                    0       2.688758448457                    0                   25      -1.526801244943      -1.526801244943
                 MQI5E         1418.7440064           69.7334913            4.4926479       49.01176047299                    0                    0       73.57217051103       2.923298652078                    0                    0       9.154274110652                    0                   36     -0.2971560786747     -0.2971560786747
                 MQI4E         1424.1361014           30.1163345            2.8546183       19.01827748143                    0                    0       32.19256924151       1.530516339879                    0                    0       5.792656718935                    0                   27     -0.3685062343352     -0.3685062343352
                MQX2RE         1494.6206604           22.2827608            0.9330685      -47.57418923194                    0                    0        26.4786693801      -1.183288498697                    0                    0       2.038362703974                    0                   16      -3.135022211069      -3.135022211069
                 MQM2E         1564.3492168           28.5508884            1.3770404       20.34175278436                    0                    0       33.43832608808      0.6612677143563                    0                    0       3.990364105023                    0                   34     -0.2875264510382     -0.2875264510382
                 MQM7E         1608.8759522           35.6097046            -3.009263      -24.25519090194                    0                    0       29.56349051702      -3.028060044318                    0                    0       5.318285554265                    0                   20      -1.681139907629      -1.681139907629
               MQD3E21         1671.2575666           20.9498176            1.7084092      -21.68470733309                    0                    0       17.79909027403    -0.04139895405678                    0                    0         2.9130734566                    0                   38      -2.035078574292      -2.035078574292
               MQEAE27         1710.4692283            7.6858431           -1.2526734       12.15637082526                    0                    0       6.459877663962      -2.664757408445                    0                    0       1.970491760262                    0                   35       0.581657427441       0.581657427441
               MQD3E23         1746.9279724           20.9498176            1.7084092       15.18821024236                    0                    0       23.07250310365       1.370694735189                    0                    0       4.704201155773                    0                   24     -0.2750194520852     -0.2750194520852
               MQEAE29         1786.1396341            7.6858431           -1.2526734       11.06248082837                    0                    0       9.252396294054      -1.807430302447                    0                    0       3.868738728655                    0                   38      0.4393321180817      0.4393321180817
               MQEAE30          1813.166033            7.6858431            1.2526734       3.588324791078                    0                    0       8.937317004016      0.5317822396903                    0                    0       3.856631354235                    0                   29      -0.533125417161      -0.533125417161
              MQTAFOE1         1861.1278611           13.8843623           -1.6545976       16.25151691247                    0                    0       15.15272484497      -2.370415853787                    0                    0       4.094030244084                    0                   41      0.1704906974709      0.1704906974709
              MQTAFOE2         1905.3942301           13.8843623            1.6545976       20.83337141455                    0                    0       12.91705034126         2.8733319147                    0                    0       2.647652591089                    0                   35      0.5004917737241      0.5004917737241
               MQEAE32         1980.3824571            7.6858431            1.2526734       2.433740513603                    0                    0       8.710025684633      0.5531657423182                    0                    0       2.635776840438                    0                   37      -0.683347619521      -0.683347619521
               MQD3E29         2065.4852081           20.9498176            1.7084092       36.36470136751                    0                    0       21.04007888186       3.947149020402                    0                    0       3.789746768796                    0                   33      0.7358003807876      0.7358003807876
               MQEAE35         2104.6968698            7.6858431           -1.2526734       7.167592273432                    0                    0        6.55063616003      -1.735602822257                    0                    0       2.613435597944                    0                   25    -0.06742927481405    -0.06742927481405
               MQDROE5         2288.3421939           29.3993215           -2.5237427        4.96830791914                    0                    0       24.95340843996     0.06153207096229                    0                    0       4.194317754783                    0                   23     -0.8310060346413     -0.8310060346413
               MQEAE37         2389.8065079            7.6858431           -1.2526734       7.878220134202                    0                    0       6.776132921709     -0.4562180212384                    0                    0       2.356821322574                    0                   26     0.02503004962492     0.02503004962492
               MQEAE39         2465.4769137            7.6858431           -1.2526734      -1.195112884925                    0                    0       6.713595433393     -0.2751356381233                    0                    0       1.974912312714                    0                   20      -1.155495352868      -1.155495352868
               MQD3E33         2501.9356578           20.9498176            1.7084092       31.66258602024                    0                    0       23.87528832182       4.605521369377                    0                    0       4.946833140968                    0                   19       0.511353780008       0.511353780008
               MQEAE41         2541.1473195            7.6858431           -1.2526734       20.30286047967                    0                    0       8.786773216643      -7.140829169066                    0                    0       3.765526272024                    0                   15       1.641591848222       1.641591848222
              MQTAOTE1         2616.1355465           13.8843623           -1.6545976       7.086556103595                    0                    0       17.09787213705      -1.979405994162                    0                    0         4.6054432343                    0                   28     -0.4896016143575     -0.4896016143575
              MQTAOTE2         2660.4019155           13.8843623            1.6545976       14.75160791575                    0                    0        16.0570493529       1.607015467065                    0                    0       3.057903432246                    0                   24     0.06246204161284     0.06246204161284
               MQEAE44         2735.3901425            7.6858431            1.2526734      -11.55124114914                    0                    0       11.71796849623      -1.354033623941                    0                    0       3.178736027961                    0                   19      -2.502924402548      -2.502924402548
               MQEAE45         2784.0341494            7.6858431           -1.2526734       18.24800814299                    0                    0       9.175630257125       -3.06925234455                    0                    0       2.292513351567                    0                   28       1.374236359702       1.374236359702
               MQD3E40           2850.27221           20.9498176           -1.7084092       83.78351608312                    0                    0       33.93802245444      -5.560921382541                    0                    0       4.852289487738                    0                   19        2.99924799742        2.99924799742
               MQLA2RE         2920.9780873            4.4997139            1.4176538       15.47823586853                    0                    0        6.35020466796       6.216639907811                    0                    0       3.643952474984                    0                   33       2.439826667321       2.439826667321
               MQLB8RE         2942.8131119            2.4274661            0.9647408       2.680419859921                    0                    0       3.685176229217      0.3699516940956                    0                    0       3.138617135321                    0                   27      0.1042048578645      0.1042048578645
               MQLB1RE         2960.9918734          263.1461398             28.21658        351.884877702                    0                    0       526.1822367572       25.15572181008                    0                    0       548.8806533952                    0                   10       0.337222267328       0.337222267328
               MQLC7RE         2989.1433603          263.1507975          -28.2212238       681.8285009622                    0                    0       547.9644448794      -75.98490512933                    0                    0        754.188698046                    0                    6       1.591018182121       1.591018182121
               MQLC3RE         3003.3799331           25.6036831           -7.2885555       67.55104364113                    0                    0       36.77587160852      -20.29370226398                    0                    0       20.43995628185                    0                   15       1.638333062368       1.638333062368
                MQC2RE         3013.8146988          263.7467378         -135.9911137       568.4954245899                    0                    0       806.9145821658      -460.9454506387                    0                    0        4280.34232731                    0                    3       1.155459549308       1.155459549308
                MQC1RE         3015.7846995           93.6284372          176.6381914       74.27628509047                    0                    0        340.713963374       142.4268716264                    0                    0       6535.966680729                    0                    1     -0.2066909657821     -0.2066909657821