@ ErrorsFrom: %s "Analytical N-BPM method"
@ RCond %le 1e-10
@ RangeOfBPMs %d 11
@ Measure_optics:version %s "0.2.0"
@ FILENAME %s "getbetax.out"
@ Model_directory %s "model/"
@ CALCULATION_TIME %s "1.01 s"
@ Command %s "/usr/bin/python2 '/home/akoval/work_local/git/Beta-Beat.src/measure_optics.py' '--model' 'model/' '--accel' 'skekb' '--files' 'output_example/synched_harmonic_output/HER_2019_05_20_18_30_09.sdds' '--output' 'output_example/synched_phase_output/HER_2019_05_20_18_30_09.sdds/'"
@ RMS_BETABEAT %s "46.523 %"
@ Date %s "22. July 2019, 10:50:33"
@ BetaAlgorithmVersion %s "2018.7.a"
@ CWD %s "/home/akoval/work_afs/job3_Paul_Andreas_bbeating_tracking/git/SKEKB_TbT_analysis"
*                 NAME                    S              BETXMDL              ALFXMDL                 BETX             STATBETX              SYSBETX              ERRBETX                 ALFX             STATALFX              SYSALFX              ERRALFX                 CORR                NCOMB               BBEATX            DELTABETX
$                   %s                  %le                  %le                  %le                  %le                  %le                  %le                  %le                  %le                  %le                  %le                  %le                  %le                   %d                  %le                  %le
                MQC1LE            0.5300002            2.9087358           -5.2990847       2.816975127987                    0                    0        4.01185672416      -5.227179740068                    0                    0       14.79262262957                    0                   18    -0.03154658185615    -0.03154658185615
                MQC2LE            2.2500008          142.9688048         -106.7116067       37.52961685245                    0                    0       202.5031522066      -25.70855976134                    0                    0       301.0131953675                    0                   18     -0.7374978625236     -0.7374978625236
               MQLC3LE           12.9355133           26.9933253            1.1608736       16.14779651859                    0                    0       47.80854221022       1.232626181451                    0                    0       5.237095409483                    0                   23     -0.4017855770224     -0.4017855770224
               MQLC7LE           27.2720861            9.3764221           -1.0647787       10.30591224075                    0                    0       14.56649537724      -1.435124750799                    0                    0       4.317307344558                    0                   40     0.09913057783014     0.09913057783014
               MQLB1LE           55.2235731           12.5617527           -1.9840866       11.15401434883                    0                    0       15.60210332444      -2.190835095379                    0                    0        5.47106373747                    0                   42     -0.1120654406105     -0.1120654406105
               MQLB4LE           77.1787307           35.3516866            4.2598365       32.27818470723                    0                    0       32.36839707869       4.272768279189                    0                    0       7.797578520329                    0                   26    -0.08694074281513    -0.08694074281513
               MQLA2LE           98.9121927           36.8830728           -6.1504106       26.38826498995                    0                    0       32.61916408879      -4.380471691749                    0                    0       10.61847429152                    0                   34     -0.2845426645161     -0.2845426645161
               MQLA5LE          119.0986538           10.0415612           -3.1555304       9.168089409356                    0                    0       9.448682026715      -2.534976624563                    0                    0       5.670181651018                    0                   35    -0.08698565623881    -0.08698565623881
                MQD3E1          164.5639584            7.4403317            0.2028379       11.28415005252                    0                    0       7.176324180874     -0.7240774926779                    0                    0      0.9997373881879                    0                   43      0.5166192190759      0.5166192190759
                MQEAE4          230.8020191           48.5050151           -5.6463304       94.22539136875                    0                    0       43.92979283541      -11.52801067662                    0                    0       10.27721897474                    0                   41      0.9425907027241      0.9425907027241
                MQD3E4          270.0136808            7.4403317           -0.2028379       10.55611729817                    0                    0       6.370895193192    -0.05459641891287                    0                    0       1.042370581611                    0                   34      0.4187697167006      0.4187697167006
                MQEAE6          306.4724249           48.5050151           -5.6463304       79.25694025848                    0                    0       46.04073257907      -8.273166085256                    0                    0       10.66999187846                    0                   19      0.6339947548739      0.6339947548739
              MQTATNE1          354.4092937           45.9537751            4.4063204        34.0490454094                    0                    0       45.64007824613       3.311161505049                    0                    0       8.734398756853                    0                   24     -0.2590587969039     -0.2590587969039
              MQTATNE2          397.7476034           45.9537751           -4.4063204       29.35338043467                    0                    0       46.68595545704      -3.064148421733                    0                    0       9.034303184883                    0                   25     -0.3612411522057     -0.3612411522057
                MQEAE8          472.7108711           48.5050151           -5.6463304       106.9675187907                    0                    0       37.13621608761      -11.20469490142                    0                    0       8.754874139911                    0                   29       1.205287815502       1.205287815502
                MQD3E8          511.9225329            7.4403317           -0.2028379       5.239794327564                    0                    0        9.05620673531      0.1204614235348                    0                    0      0.9827451333891                    0                   21     -0.2957579663331     -0.2957579663331
               MQEAE10          548.3812769           48.5050151           -5.6463304       39.67106213592                    0                    0       50.90146835805      -4.080623468627                    0                    0       11.51874230094                    0                   14     -0.1821245276569     -0.1821245276569
               MQEAE11          597.0252838           48.5050151            5.6463304       80.39696065771                    0                    0       48.29571787187       8.502466504087                    0                    0       11.04411637882                    0                   27      0.6574978997936      0.6574978997936
               MQR2NE1          696.7698054           28.8232835            1.9137339       68.84363461809                    0                    0       26.81957171461       3.466032074187                    0                    0       3.474886000652                    0                   40       1.388473007182       1.388473007182
               MQFRNE3          753.3246054           28.8233021            1.9137359       43.79542720879                    0                    0       23.74730963986       2.837585703828                    0                    0       3.187475962273                    0                   31       0.519445171717       0.519445171717
               MQDRNE5          781.6020054            8.5241331            -0.615502       1.865534544631                    0                    0       6.991734343044     -0.3207507391106                    0                    0       1.797201129187                    0                   36     -0.7811467133671     -0.7811467133671
               MQEAE13           881.197528           48.5050151            5.6463304       45.18765733115                    0                    0       51.24620256822       5.385250545724                    0                    0       12.30817906428                    0                   33    -0.06839205723379    -0.06839205723379
               MQD3E12          947.4355886            7.4403317           -0.2028379       5.766723328128                    0                    0       6.811973548678     -0.1484120049844                    0                    0       1.160871020094                    0                   42     -0.2249373333547     -0.2249373333547
               MQEAE16          983.8943327           48.5050151           -5.6463304       40.73994977324                    0                    0       41.47756614525      -4.781573519574                    0                    0       9.493434465752                    0                   34     -0.1600878859794     -0.1600878859794
               MQD3E14         1023.1059944            7.4403317           -0.2028379       10.67542264332                    0                    0        7.45480344341    -0.06669025039374                    0                    0       1.444750197341                    0                   28      0.4348046664799      0.4348046664799
               MQEAE18         1059.5647385           48.5050151           -5.6463304       65.57785044009                    0                    0       52.06493267195      -8.216076286606                    0                    0       12.63496402968                    0                   42      0.3519808272379      0.3519808272379
              MQTANFE1         1107.5016074           45.9537751            4.4063204       43.14219970632                    0                    0       44.78075619728       4.496749777322                    0                    0       8.758115517756                    0                   34    -0.06118268602668    -0.06118268602668
               MQD3E16         1189.3444407            7.4403317           -0.2028379       8.994504514042                    0                    0       6.285430198249    -0.07126829330329                    0                    0       1.131161199677                    0                   40      0.2088848826514      0.2088848826514
               MQEAE20         1225.8031848           48.5050151           -5.6463304       66.83985670698                    0                    0       37.79342723646      -8.222035545269                    0                    0       8.802312764929                    0                   32      0.3779988846344      0.3779988846344
               MQD3E18         1265.0148465            7.4403317           -0.2028379       7.140507637367                    0                    0       7.763497032572     -0.1366937198592                    0                    0       1.265258853666                    0                   25    -0.04029713656895    -0.04029713656895
               MQEAE22         1301.4735906           48.5050151           -5.6463304       59.31229619909                    0                    0       46.95015624353      -6.549859724709                    0                    0       10.96214380536                    0                   31      0.2228074989113      0.2228074989113
               MQEAE23         1350.1175975           48.5050151            5.6463304       62.63804994498                    0                    0       49.68102030837        6.81837666932                    0                    0       12.04224899654                    0                   16      0.2913726511753      0.2913726511753
                 MQI6E         1404.3012987           12.5196316           -1.2996081       12.13277971908                    0                    0       12.10659688195      -1.319973825646                    0                    0       2.503340576531                    0                   20    -0.03089962175238    -0.03089962175238
                 MQI5E         1418.7440064           36.6707357           -4.5163713       42.97179205781                    0                    0       28.77946833496      -5.134506424839                    0                    0       6.914717967204                    0                   39      0.1718279232071      0.1718279232071
                 MQI4E         1424.1361014          102.3414091           -7.6626934       119.7939828833                    0                    0       75.49063354121      -8.850229643658                    0                    0       11.09364005129                    0                   37      0.1705328657948      0.1705328657948
                MQX2RE         1494.6206604            79.143814            6.9773227       75.68066172632                    0                    0       82.15117601551       6.630893801701                    0                    0       14.05765300877                    0                   17    -0.04375771268335    -0.04375771268335
                 MQM2E         1564.3492168           29.3408767           -0.5146595       35.94059677715                    0                    0       33.00914411397     -0.2588672753156                    0                    0       1.568024740177                    0                   20      0.2249326134535      0.2249326134535
                 MQM7E         1608.8759522            5.5669757            0.5811089       5.087862586516                    0                    0       5.780733178965      0.2364950071415                    0                    0       1.481717986173                    0                   33    -0.08606344616949    -0.08606344616949
               MQEAE25         1634.7988225           48.5050151            5.6463304       41.29950460941                    0                    0       51.15273178308       4.577176472657                    0                    0       11.40580498617                    0                   32     -0.1485518657346     -0.1485518657346
               MQD3E21         1671.2575666            7.4403317            0.2028379       5.387494793853                    0                    0       7.811761264459    -0.03516563191494                    0                    0       1.111205710518                    0                   23     -0.2759066381607     -0.2759066381607
               MQEAE27         1710.4692283           48.5050151            5.6463304       71.76518845218                    0                    0       36.38149964127       8.133635874631                    0                    0       8.361659575157                    0                   39       0.479541616557       0.479541616557
               MQD3E23         1746.9279724            7.4403317            0.2028379       10.62781771527                    0                    0       8.345559447609     -0.1624732639705                    0                    0       1.009529998899                    0                   23      0.4284064398991      0.4284064398991
               MQEAE29         1786.1396341           48.5050151            5.6463304       50.13261206544                    0                    0       52.62027712664       6.269536671269                    0                    0       12.48757536743                    0                   31     0.03355523056914     0.03355523056914
               MQEAE30          1813.166033           48.5050151           -5.6463304       60.55779936969                    0                    0       47.11966469243       -6.72665531629                    0                    0       10.84303897055                    0                   33      0.2484853214629      0.2484853214629
              MQTAFOE1         1861.1278611           48.1181067            4.8487187       69.67433103289                    0                    0       43.67610062389       7.602257621333                    0                    0       8.640459434636                    0                   32      0.4479857128895      0.4479857128895
              MQTAFOE2         1905.3942301           48.1181067           -4.8487187       57.92210230156                    0                    0        44.7742581801      -6.201816827509                    0                    0       9.453505935926                    0                   32      0.2037485735398      0.2037485735398
               MQEAE32         1980.3824571           48.5050151           -5.6463304        54.6029820156                    0                    0       40.02104162258      -5.995416219232                    0                    0       9.268054436617                    0                   39       0.125718276822       0.125718276822
               MQD3E29         2065.4852081            7.4403317            0.2028379       10.11533414698                    0                    0        8.11804188042     -0.6865295736975                    0                    0        1.84612021001                    0                   25      0.3595273107218      0.3595273107218
               MQEAE35         2104.6968698           48.5050151            5.6463304        56.3388971408                    0                    0       45.29910518141       6.660289870329                    0                    0       10.52181742325                    0                   26      0.1615066405948      0.1615066405948
               MQR2ORE         2203.8099939           34.8057218           -3.3658129       30.97911786603                    0                    0       29.09145071744      -3.141801576062                    0                    0       5.471865873822                    0                   42     -0.1099418065789     -0.1099418065789
               MQDROE5         2288.3421939            6.9657018            0.6768551       6.640520766728                    0                    0       6.077460453781      0.7350859894841                    0                    0       1.650040637104                    0                   36    -0.04668316884768    -0.04668316884768
               MQEAE37         2389.8065079           48.5050151            5.6463304       68.66585510581                    0                    0       41.92791332552       7.799183231793                    0                    0       9.609329119263                    0                   35      0.4156444434508      0.4156444434508
               MQD3E31          2426.265252            7.4403317            0.2028379       10.55068906976                    0                    0       6.296549823286    -0.02241722560399                    0                    0       1.065752663189                    0                   43      0.4180401486354      0.4180401486354
               MQEAE39         2465.4769137           48.5050151            5.6463304        73.7286092958                    0                    0       43.52052155033       8.905785764606                    0                    0       9.831987517433                    0                   45      0.5200203348829      0.5200203348829
               MQD3E33         2501.9356578            7.4403317            0.2028379       8.036482994833                    0                    0       6.477599439988      0.2464070018243                    0                    0      0.9796308205073                    0                   45     0.08012429000074     0.08012429000074
               MQEAE41         2541.1473195           48.5050151            5.6463304       45.11527597379                    0                    0        42.7238045799       5.288180270283                    0                    0        10.0827172924                    0                   36    -0.06988430205053    -0.06988430205053
              MQTAOTE1         2616.1355465           48.1181067            4.8487187       45.41914559737                    0                    0       43.59872294615       4.441905796585                    0                    0       8.761744112479                    0                   36    -0.05609034286102    -0.05609034286102
              MQTAOTE2         2660.4019155           48.1181067           -4.8487187       38.51601938589                    0                    0       43.55708249196      -3.988292073678                    0                    0        8.84060163208                    0                   29     -0.1995524756195     -0.1995524756195
               MQEAE44         2735.3901425           48.5050151           -5.6463304       50.46535374747                    0                    0       40.21214820711      -6.053185989779                    0                    0       9.447580988317                    0                   32      0.0404151744603      0.0404151744603
               MQEAE45         2784.0341494           48.5050151            5.6463304       50.31351136682                    0                    0       48.39470151974       5.698446125462                    0                    0       11.68039762195                    0                   38     0.03728472742636     0.03728472742636
               MQD3E40           2850.27221            7.4403317           -0.2028379       6.024182289445                    0                    0       5.699847974757     -0.2061622602306                    0                    0       1.263815832188                    0                   28      -0.190334176977      -0.190334176977
               MQLA2RE         2920.9780873           78.5903189           -3.1552007       84.11948586812                    0                    0       102.8827867388      -3.816530602637                    0                    0       8.605643831976                    0                   15     0.07035430121048     0.07035430121048
               MQLB8RE         2942.8131119           78.6738756            3.0596957       92.87765254167                    0                    0       103.6416771414       3.657020568118                    0                    0       7.874869462948                    0                   14      0.1805399420499      0.1805399420499
               MQLB1RE         2960.9918734            6.3964764            0.1355252       4.578646904016                    0                    0       9.441101584917      0.7690337209201                    0                    0      0.8923143679676                    0                   28      -0.284192324384      -0.284192324384
               MQLC7RE         2989.1433603            5.1390694            0.9907191       2.171542106818                    0                    0       9.056019214392       1.062628392195                    0                    0       3.979519249869                    0                   32     -0.5774444869692     -0.5774444869692
               MQLC3RE         3003.3799331           34.9614517           -2.6137639       36.71639287112                    0                    0       62.40178409484      -3.375745450324                    0                    0        9.95359775435                    0                   20     0.05019646169657     0.05019646169657
                MQC2RE         3013.8146988          190.7130202          118.3642996      -192.3385861817                    0                    0       527.2170013064       -28.0334256061                    0                    0       738.1721341243                    0                    6      -2.008523623505      -2.008523623505
                MQC1RE         3015.7846995            2.9087304            5.2990527       3.860881965047                    0                    0       4.948002439905       6.836372638353                    0                    0       18.70699031282                    0                   30      0.3273426664249      0.3273426664249