@ Measure_optics:version %s "0.2.0"
@ Command %s "/usr/bin/python2 '/nfs/sadnas1a/users/lzuyangrj/Kmodu/Adam/Beta-Beat.src/measure_optics.py' '--model' 'model/' '--accel' 'skekb' '--files' 'output_example/synched_harmonic_output/HER_2019_05_20_18_30_09.sdds' '--output' 'output_example/synched_phase_output/HER_2019_05_20_18_30_09.sdds/'"
@ CWD %s "/nfs/sadnas1a/users/lzuyangrj/Kmodu/Adam/SKEKB_TbT_analysis"
@ Date %s "19. July 2019, 23:27:19"
@ Model_directory %s "model/"
@ Q1 %le 0.5439538507440754
@ Q2 %le 0.5978671395483831
@ FILENAME %s "getphasey.out"
*                    S               MUYMDL                 NAME                NAME2                   S2               PHASEY               STDPHY               PHYMDL          DELTAPHASEY
$                  %le                  %le                   %s                   %s                  %le                  %le                  %le                  %le                  %le
             0.5300002            0.2490992               MQC1LE               MQC2LE            2.2500008      0.9147755525615                  nan            0.0008786     -0.0861030474385
             2.2500008            0.2499778               MQC2LE              MQLC3LE           12.9355133      0.2269335081807                  nan            0.0454011      0.1815324081807
            12.9355133            0.2953789              MQLC3LE              MQLC7LE           27.2720861      0.5105289201865                  nan            0.4539157      0.0566132201865
            27.2720861            0.7492946              MQLC7LE              MQLB1LE           55.2235731      0.3622964186031                  nan            0.5007448     -0.1384483813969
            55.2235731            1.2500394              MQLB1LE              MQLB4LE           77.1787307      0.7793379382203                  nan            0.6965572      0.0827807382203
            77.1787307            1.9465966              MQLB4LE              MQLA2LE           98.9121927      0.3392864555027                  nan            0.5067282     -0.1674417444973
            98.9121927            2.4533248              MQLA2LE              MQLA5LE          119.0986538      0.8213748055713                  nan            0.4959352      0.3254396055713
           119.0986538              2.94926              MQLA5LE               MQD3E1          164.5639584      0.1230730268115                  nan            0.4571953     -0.3341222731885
           164.5639584            3.4064553               MQD3E1               MQEAE4          230.8020191       0.057842184892                  nan            0.9750765       0.082765684892
           230.8020191            4.3815318               MQEAE4               MQD3E4          270.0136808      0.6424959054572                  nan            0.6596164     -0.0171204945428
           270.0136808            5.0411482               MQD3E4               MQEAE6          306.4724249       0.572537188287                  nan            0.4636479       0.108889288287
           306.4724249            5.5047961               MQEAE6             MQTATNE1          354.4092937      0.7668607992696                  nan            0.7220142     0.04484659926956
           354.4092937            6.2268103             MQTATNE1             MQTATNE2          397.7476034      0.3976980647788                  nan            0.4417405     -0.0440424352212
           397.7476034            6.6685508             MQTATNE2               MQEAE8          472.7108711      0.9718746539462                  nan            0.0374745    -0.06559984605385
           472.7108711            7.7060253               MQEAE8               MQD3E8          511.9225329      0.6554078042137                  nan            0.6596163    -0.00420849578625
           511.9225329            8.3656416               MQD3E8              MQEAE10          548.3812769      0.4964372947683                  nan            0.4636479      0.0327893947683
           548.3812769            8.8292895              MQEAE10              MQEAE11          597.0252838      0.7799247745099                  nan             0.807804    -0.02787922549006
           597.0252838            9.6370935              MQEAE11              MQR2NE1          696.7698054      0.1454539453061                  nan            0.2218165    -0.07636255469394
           696.7698054             10.85891              MQR2NE1              MQFRNE3          753.3246054      0.8672346544473                  nan            0.5748741      0.2923605544473
           753.3246054           11.4337841              MQFRNE3              MQDRNE5          781.6020054       0.114403801649                  nan            0.2784611      -0.164057298351
           781.6020054           11.7122452              MQDRNE5              MQEAE13           881.197528      0.0904798933938                  nan            0.1776926     -0.0872127066062
            881.197528           12.8899378              MQEAE13              MQD3E12          947.4355886      0.9237720908587                  nan            0.9750765     -0.0513044091413
           947.4355886           13.8650143              MQD3E12              MQEAE16          983.8943327       0.329971167859                  nan            0.4636479      -0.133676732141
           983.8943327           14.3286622              MQEAE16              MQD3E14         1023.1059944      0.7722792418356                  nan            0.6596164      0.1126628418356
          1023.1059944           14.9882786              MQD3E14              MQEAE18         1059.5647385        0.59241647558                  nan            0.4636479        0.12876857558
          1059.5647385           15.4519265              MQEAE18             MQTANFE1         1107.5016074      0.5809084994064                  nan            0.7220142     -0.1411057005936
          1107.5016074           16.1739407             MQTANFE1              MQD3E16         1189.3444407      0.9484816572655                  nan            0.0155671     -0.0670854427345
          1189.3444407           17.1895078              MQD3E16              MQEAE20         1225.8031848      0.6887392919457                  nan            0.4636479      0.2250913919457
          1225.8031848           17.6531557              MQEAE20              MQD3E18         1265.0148465      0.6948757870261                  nan            0.6596163     0.03525948702609
          1265.0148465            18.312772              MQD3E18              MQEAE22         1301.4735906      0.4639969228461                  nan            0.4636479   0.0003490228460984
          1301.4735906           18.7764199              MQEAE22              MQEAE23         1350.1175975      0.7272345526999                  nan             0.807804    -0.08056944730006
          1350.1175975           19.5842239              MQEAE23                MQI6E         1404.3012987      0.4686371705013                  nan             0.617605     -0.1489678294987
          1404.3012987           20.2018289                MQI6E                MQI5E         1418.7440064      0.2188216852251                  nan            0.0528115      0.1660101852251
          1418.7440064           20.2546404                MQI5E                MQI4E         1424.1361014      0.0261797558764                  nan            0.0187699    0.007409855876401
          1424.1361014           20.2734103                MQI4E               MQX2RE         1494.6206604      0.7542658653695                  nan            0.9607692     -0.2065033346305
          1494.6206604           21.2341795               MQX2RE                MQM2E         1564.3492168      0.9371712919298                  nan            0.7945117      0.1426595919298
          1564.3492168           22.0286912                MQM2E                MQM7E         1608.8759522      0.4289254644126                  nan            0.6337436     -0.2048181355874
          1608.8759522           22.6624348                MQM7E              MQD3E21         1671.2575666      0.0140157224837                  nan            0.7877283      0.2262874224837
          1671.2575666           23.4501631              MQD3E21              MQEAE27         1710.4692283      0.7353468476706                  nan            0.6596163      0.0757305476706
          1710.4692283           24.1097794              MQEAE27              MQD3E23         1746.9279724      0.3786007936016                  nan            0.4636479    -0.08504710639835
          1746.9279724           24.5734273              MQD3E23              MQEAE29         1786.1396341      0.6588295012876                  nan            0.6596164  -0.0007868987123509
          1786.1396341           25.2330437              MQEAE29              MQEAE30          1813.166033      0.3372542298296                  nan            0.3154602     0.02179402982956
           1813.166033           25.5485039              MQEAE30             MQTAFOE1         1861.1278611      0.7659820449186                  nan            0.7333279     0.03265414491864
          1861.1278611           26.2818318             MQTAFOE1             MQTAFOE2         1905.3942301      0.3742891956259                  nan            0.4318095    -0.05752030437414
          1905.3942301           26.7136413             MQTAFOE2              MQEAE32         1980.3824571     0.07783998568454                  nan            0.0487881     0.02905188568454
          1980.3824571           27.7624294              MQEAE32              MQD3E29         2065.4852081      0.1930495109329                  nan            0.2714519     -0.0784023890671
          2065.4852081           29.0338813              MQD3E29              MQEAE35         2104.6968698      0.7789701065964                  nan            0.6596163      0.1193538065964
          2104.6968698           29.6934976              MQEAE35              MQDROE5         2288.3421939      0.2711900023338                  nan            0.4024843     -0.1312942976662
          2288.3421939           32.0959819              MQDROE5              MQEAE37         2389.8065079      0.4065628103411                  nan            0.2549715      0.1515913103411
          2389.8065079           33.3509534              MQEAE37              MQEAE39         2465.4769137      0.2143953387141                  nan            0.1232643     0.09113103871405
          2465.4769137           34.4742177              MQEAE39              MQD3E33         2501.9356578      0.1777817637161                  nan            0.4636479      -0.285866136284
          2501.9356578           34.9378656              MQD3E33              MQEAE41         2541.1473195      0.5867540286603                  nan            0.6596163     -0.0728622713397
          2541.1473195           35.5974819              MQEAE41             MQTAOTE1         2616.1355465      0.3716136911896                  nan            0.0487881      0.3228255911896
          2616.1355465             36.64627             MQTAOTE1             MQTAOTE2         2660.4019155      0.3890530003128                  nan            0.4318095     -0.0427564996872
          2660.4019155           37.0780795             MQTAOTE2              MQEAE44         2735.3901425      0.9234674348221                  nan            0.0487881     -0.1253206651779
          2735.3901425           38.1268676              MQEAE44              MQEAE45         2784.0341494        0.91437315315                  nan             0.807804        0.10656915315
          2784.0341494           38.9346716              MQEAE45              MQD3E40           2850.27221       0.895057400678                  nan            0.9750766      -0.080019199322
            2850.27221           39.9097482              MQD3E40              MQLA2RE         2920.9780873      0.1250022322774                  nan            0.1788197     -0.0538174677226
          2920.9780873           41.0885679              MQLA2RE              MQLB8RE         2942.8131119      0.7143642641608                  nan             0.541418      0.1729462641608
          2942.8131119           41.6299859              MQLB8RE              MQLB1RE         2960.9918734      0.6695674173043                  nan            0.7241074    -0.05453998269574
          2960.9918734           42.3540933              MQLB1RE              MQLC7RE         2989.1433603      0.5557961848864                  nan            0.5006797      0.0551164848864
          2989.1433603            42.854773              MQLC7RE              MQLC3RE         3003.3799331      0.4199846009327                  nan            0.4736306     -0.0536459990673
          3003.3799331           43.3284036              MQLC3RE               MQC2RE         3013.8146988      0.9918611700931                  nan            0.0256067     -0.0337455299069
          3013.8146988           43.3540103               MQC2RE               MQC1RE         3015.7846995      0.9250686319477                  nan   0.0009905000000003     -0.0759218680523