@ Measure_optics:version %s "0.2.0"
@ Command %s "/usr/bin/python2 '/home/akoval/work_local/git/Beta-Beat.src/measure_optics.py' '--model' 'model/' '--accel' 'skekb' '--files' 'output_example/unsynched_harmonic_output/HER_2019_05_20_18_30_09.sdds' '--output' 'output_example/unsynched_phase_output/HER_2019_05_20_18_30_09.sdds/'"
@ CWD %s "/home/akoval/work_afs/job3_Paul_Andreas_bbeating_tracking/git/SKEKB_TbT_analysis"
@ Date %s "22. July 2019, 10:49:59"
@ Model_directory %s "model/"
@ Q1 %le 0.5439538506665476
@ Q2 %le 0.5978671858951496
@ FILENAME %s "getphasey.out"
*                    S               MUYMDL                 NAME                NAME2                   S2               PHASEY               STDPHY               PHYMDL          DELTAPHASEY
$                  %le                  %le                   %s                   %s                  %le                  %le                  %le                  %le                  %le
             0.5300002            0.2490992               MQC1LE               MQC2LE            2.2500008      0.3095657009504                  nan            0.0008786      0.3086871009504
             2.2500008            0.2499778               MQC2LE              MQLC3LE           12.9355133      0.4346787623869                  nan            0.0454011      0.3892776623869
            12.9355133            0.2953789              MQLC3LE              MQLC7LE           27.2720861      0.9080353723731                  nan            0.4539157      0.4541196723731
            27.2720861            0.7492946              MQLC7LE              MQLB1LE           55.2235731      0.7586764421315                  nan            0.5007448      0.2579316421315
            55.2235731            1.2500394              MQLB1LE              MQLB4LE           77.1787307      0.3828941273666                  nan            0.6965572     -0.3136630726334
            77.1787307            1.9465966              MQLB4LE              MQLA2LE           98.9121927      0.7399024227212                  nan            0.5067282      0.2331742227212
            98.9121927            2.4533248              MQLA2LE              MQLA5LE          119.0986538      0.4207851453274                  nan            0.4959352     -0.0751500546726
           119.0986538              2.94926              MQLA5LE               MQD3E1          164.5639584       0.513363788887                  nan            0.4571953     0.05616848888695
           164.5639584            3.4064553               MQD3E1               MQEAE4          230.8020191     0.06969450796185                  nan            0.9750765     0.09461800796185
           230.8020191            4.3815318               MQEAE4               MQD3E4          270.0136808      0.2403903456425                  nan            0.6596164     -0.4192260543575
           270.0136808            5.0411482               MQD3E4               MQEAE6          306.4724249      0.1677375411506                  nan            0.4636479     -0.2959103588494
           306.4724249            5.5047961               MQEAE6             MQTATNE1          354.4092937      0.1716531844704                  nan            0.7220142      0.4496389844704
           354.4092937            6.2268103             MQTATNE1             MQTATNE2          397.7476034       0.800032518432                  nan            0.4417405       0.358292018432
           397.7476034            6.6685508             MQTATNE2               MQEAE8          472.7108711      0.1695672987948                  nan            0.0374745      0.1320927987948
           472.7108711            7.7060253               MQEAE8               MQD3E8          511.9225329      0.0553273792152                  nan            0.6596163      0.3957110792152
           511.9225329            8.3656416               MQD3E8              MQEAE10          548.3812769      0.0956027772618                  nan            0.4636479     -0.3680451227382
           548.3812769            8.8292895              MQEAE10              MQEAE11          597.0252838      0.5783142005009                  nan             0.807804     -0.2294897994991
           597.0252838            9.6370935              MQEAE11              MQR2NE1          696.7698054      0.1579996512897                  nan            0.2218165     -0.0638168487103
           696.7698054             10.85891              MQR2NE1              MQFRNE3          753.3246054      0.4571891281075                  nan            0.5748741     -0.1176849718925
           753.3246054           11.4337841              MQFRNE3              MQDRNE5          781.6020054      0.5179759874566                  nan            0.2784611      0.2395148874566
           781.6020054           11.7122452              MQDRNE5              MQEAE13           881.197528      0.6869498494463                  nan            0.1776926     -0.4907427505537
            881.197528           12.8899378              MQEAE13              MQD3E12          947.4355886      0.9237284610467                  nan            0.9750765     -0.0513480389533
           947.4355886           13.8650143              MQD3E12              MQEAE16          983.8943327      0.3299744142982                  nan            0.4636479     -0.1336734857018
           983.8943327           14.3286622              MQEAE16              MQD3E14         1023.1059944      0.3677885540254                  nan            0.6596164     -0.2918278459746
          1023.1059944           14.9882786              MQD3E14              MQEAE18         1059.5647385      0.4003478464294                  nan            0.4636479     -0.0633000535706
          1059.5647385           15.4519265              MQEAE18             MQTANFE1         1107.5016074      0.7761145427399                  nan            0.7220142     0.05410034273988
          1107.5016074           16.1739407             MQTANFE1              MQD3E16         1189.3444407      0.3498454269672                  nan            0.0155671      0.3342783269672
          1189.3444407           17.1895078              MQD3E16              MQEAE20         1225.8031848       0.095764043507                  nan            0.4636479      -0.367883856493
          1225.8031848           17.6531557              MQEAE20              MQD3E18         1265.0148465      0.2878867786998                  nan            0.6596163     -0.3717295213002
          1265.0148465            18.312772              MQD3E18              MQEAE22         1301.4735906      0.0613505227279                  nan            0.4636479     -0.4022973772721
          1301.4735906           18.7764199              MQEAE22              MQEAE23         1350.1175975      0.5364100557494                  nan             0.807804     -0.2713939442506
          1350.1175975           19.5842239              MQEAE23                MQI6E         1404.3012987      0.0620466996248                  nan             0.617605      0.4444416996248
          1404.3012987           20.2018289                MQI6E                MQI5E         1418.7440064      0.2188443905322                  nan            0.0528115      0.1660328905322
          1418.7440064           20.2546404                MQI5E                MQI4E         1424.1361014      0.0262433809139                  nan            0.0187699    0.007473480913901
          1424.1361014           20.2734103                MQI4E               MQX2RE         1494.6206604      0.7541853568936                  nan            0.9607692     -0.2065838431064
          1494.6206604           21.2341795               MQX2RE                MQM2E         1564.3492168      0.5385453946253                  nan            0.7945117     -0.2559663053747
          1564.3492168           22.0286912                MQM2E                MQM7E         1608.8759522      0.8275470171727                  nan            0.6337436      0.1938034171727
          1608.8759522           22.6624348                MQM7E              MQD3E21         1671.2575666      0.0140132843098                  nan            0.7877283      0.2262849843098
          1671.2575666           23.4501631              MQD3E21              MQEAE27         1710.4692283       0.735331754457                  nan            0.6596163       0.075715454457
          1710.4692283           24.1097794              MQEAE27              MQD3E23         1746.9279724      0.7830085511749                  nan            0.4636479      0.3193606511749
          1746.9279724           24.5734273              MQD3E23              MQEAE29         1786.1396341      0.8553600562613                  nan            0.6596164      0.1957436562613
          1786.1396341           25.2330437              MQEAE29              MQEAE30          1813.166033      0.3321396839098                  nan            0.3154602      0.0166794839098
           1813.166033           25.5485039              MQEAE30             MQTAFOE1         1861.1278611      0.7641152991534                  nan            0.7333279      0.0307873991534
          1861.1278611           26.2818318             MQTAFOE1             MQTAFOE2         1905.3942301       0.182129306598                  nan            0.4318095      -0.249680193402
          1905.3942301           26.7136413             MQTAFOE2              MQEAE32         1980.3824571      0.2766729069575                  nan            0.0487881      0.2278848069575
          1980.3824571           27.7624294              MQEAE32              MQD3E29         2065.4852081      0.9949997992512                  nan            0.2714519     -0.2764521007488
          2065.4852081           29.0338813              MQD3E29              MQEAE35         2104.6968698      0.9705222471545                  nan            0.6596163      0.3109059471545
          2104.6968698           29.6934976              MQEAE35              MQDROE5         2288.3421939      0.2675259886509                  nan            0.4024843     -0.1349583113491
          2288.3421939           32.0959819              MQDROE5              MQEAE37         2389.8065079      0.8161651127439                  nan            0.2549715     -0.4388063872561
          2389.8065079           33.3509534              MQEAE37              MQEAE39         2465.4769137      0.7363557746048                  nan            0.1232643     -0.3869085253952
          2465.4769137           34.4742177              MQEAE39              MQD3E33         2501.9356578       0.655755423026                  nan            0.4636479       0.192107523026
          2501.9356578           34.9378656              MQD3E33              MQEAE41         2541.1473195      0.5869123648157                  nan            0.6596163     -0.0727039351843
          2541.1473195           35.5974819              MQEAE41             MQTAOTE1         2616.1355465      0.3714638833539                  nan            0.0487881      0.3226757833539
          2616.1355465             36.64627             MQTAOTE1             MQTAOTE2         2660.4019155      0.3891161664796                  nan            0.4318095     -0.0426933335204
          2660.4019155           37.0780795             MQTAOTE2              MQEAE44         2735.3901425      0.9234009072107                  nan            0.0487881     -0.1253871927893
          2735.3901425           38.1268676              MQEAE44              MQEAE45         2784.0341494       0.914454348653                  nan             0.807804       0.106650348653
          2784.0341494           38.9346716              MQEAE45              MQD3E40           2850.27221       0.894973866661                  nan            0.9750766      -0.080102733339
            2850.27221           39.9097482              MQD3E40              MQLA2RE         2920.9780873      0.1250569352663                  nan            0.1788197     -0.0537627647337
          2920.9780873           41.0885679              MQLA2RE              MQLB8RE         2942.8131119      0.3054747078632                  nan             0.541418     -0.2359432921368
          2942.8131119           41.6299859              MQLB8RE              MQLB1RE         2960.9918734       0.677130135666                  nan            0.7241074      -0.046977264334
          2960.9918734           42.3540933              MQLB1RE              MQLC7RE         2989.1433603      0.5546614199676                  nan            0.5006797     0.05398171996759
          2989.1433603            42.854773              MQLC7RE              MQLC3RE         3003.3799331      0.8223904969752                  nan            0.4736306      0.3487598969752
          3003.3799331           43.3284036              MQLC3RE               MQC2RE         3013.8146988       0.587412576106                  nan            0.0256067      -0.438194123894
          3013.8146988           43.3540103               MQC2RE               MQC1RE         3015.7846995      0.3295766231537                  nan   0.0009905000000003      0.3285861231537