@ Measure_optics:version %s "0.2.0"
@ Command %s "/usr/bin/python2 '/nfs/sadnas1a/users/lzuyangrj/Kmodu/Adam/Beta-Beat.src/measure_optics.py' '--model' 'model/' '--accel' 'skekb' '--files' 'output_example/unsynched_harmonic_output/HER_2019_05_20_18_30_09.sdds' '--output' 'output_example/unsynched_phase_output/HER_2019_05_20_18_30_09.sdds/'"
@ CWD %s "/nfs/sadnas1a/users/lzuyangrj/Kmodu/Adam/SKEKB_TbT_analysis"
@ Date %s "19. July 2019, 23:26:29"
@ Model_directory %s "model/"
@ Q1 %le 0.5439538506665476
@ Q2 %le 0.5978671858951496
@ FILENAME %s "getphasetotx.out"
*                    S               MUXMDL                 NAME                NAME2                   S2               PHASEX               STDPHX               PHXMDL          DELTAPHASEX
$                  %le                  %le                   %s                   %s                  %le                  %le                  %le                  %le                  %le
             0.5300002            0.2203223               MQC1LE               MQC1LE            0.5300002                    0                  nan                    0                    0
             2.2500008            0.2410243               MQC2LE               MQC1LE            0.5300002      0.0196635405464                  nan             0.020702     -0.0010384594536
            12.9355133            0.2616968              MQLC3LE               MQC1LE            0.5300002      0.0384079566688                  nan            0.0413745     -0.0029665433312
            27.2720861            0.4721468              MQLC7LE               MQC1LE            0.5300002      0.2748706413234                  nan            0.2518245      0.0230461413234
            55.2235731            0.9879476              MQLB1LE               MQC1LE            0.5300002      0.7892904931013                  nan            0.7676253      0.0216651931013
            77.1787307            1.3202075              MQLB4LE               MQC1LE            0.5300002      0.1096236629584                  nan            0.0998852      0.0097384629584
            98.9121927            1.8242478              MQLA2LE               MQC1LE            0.5300002       0.614037423976                  nan            0.6039255       0.010111923976
           119.0986538            2.3120774              MQLA5LE               MQC1LE            0.5300002      0.1027299465915                  nan            0.0917551      0.0109748465915
           164.5639584            3.0072166               MQD3E1               MQC1LE            0.5300002       0.357244890497                  nan            0.7868943      -0.429649409503
           230.8020191            4.0807687               MQEAE4               MQC1LE            0.5300002      0.8920275666361                  nan            0.8604464      0.0315811666361
           270.0136808            4.6861856               MQD3E4               MQC1LE            0.5300002      0.4911781618569                  nan            0.4658633      0.0253148618569
           306.4724249            5.2289045               MQEAE6               MQC1LE            0.5300002      0.0259640839678                  nan    0.008582199999999      0.0173818839678
           354.4092937            5.9292318             MQTATNE1               MQC1LE            0.5300002      0.7079302643627                  nan            0.7089095     -0.0009792356373
           397.7476034            6.4015278             MQTATNE2               MQC1LE            0.5300002      0.1791281770142                  nan            0.1812055     -0.0020773229858
           472.7108711            7.5699902               MQEAE8               MQC1LE            0.5300002      0.3686759474473                  nan            0.3496679     0.01900804744734
           511.9225329            8.1754072               MQD3E8               MQC1LE            0.5300002        0.97506303128                  nan            0.9550849        0.01997813128
           548.3812769             8.718126              MQEAE10               MQC1LE            0.5300002      0.5164068927475                  nan            0.4978037      0.0186031927475
           597.0252838            9.3981267              MQEAE11               MQC1LE            0.5300002       0.727313474837                  nan            0.1778044      -0.450490925163
           696.7698054           10.9206195              MQR2NE1               MQC1LE            0.5300002      0.2520938308259                  nan            0.7002972     -0.4482033691741
           753.3246054           11.5379038              MQFRNE3               MQC1LE            0.5300002      0.8725286882402                  nan            0.3175815     -0.4450528117598
           781.6020054            11.856421              MQDRNE5               MQC1LE            0.5300002      0.1882056670838                  nan            0.6360987     -0.4478930329162
            881.197528           13.2020923              MQEAE13               MQC1LE            0.5300002      0.5353252935173                  nan              0.98177     -0.4464447064827
           947.4355886           14.2756444              MQD3E12               MQC1LE            0.5300002       0.608950374158                  nan            0.0553221      -0.446371725842
           983.8943327           14.8183633              MQEAE16               MQC1LE            0.5300002      0.1517961457331                  nan             0.598041     -0.4462448542669
          1023.1059944           15.4237802              MQD3E14               MQC1LE            0.5300002      0.7595992621386                  nan            0.2034579     -0.4438586378614
          1059.5647385           15.9664991              MQEAE18               MQC1LE            0.5300002      0.3066752018639                  nan            0.7461768     -0.4395015981361
          1107.5016074           16.6668263             MQTANFE1               MQC1LE            0.5300002      0.9915153729519                  nan             0.446504     -0.4549886270481
          1189.3444407            17.764866              MQD3E16               MQC1LE            0.5300002      0.0785806424648                  nan            0.5445437     -0.4659630575352
          1225.8031848           18.3075848              MQEAE20               MQC1LE            0.5300002       0.621524602047                  nan            0.0872625      -0.465737897953
          1265.0148465           18.9130018              MQD3E18               MQC1LE            0.5300002      0.2327609317563                  nan            0.6926795     -0.4599185682437
          1301.4735906           19.4557206              MQEAE22               MQC1LE            0.5300002       0.781038920901                  nan            0.2353983      -0.454359379099
          1350.1175975           20.1357212              MQEAE23               MQC1LE            0.5300002      0.4629760014335                  nan            0.9153989     -0.4524228985664
          1404.3012987             21.14351                MQI6E               MQC1LE            0.5300002      0.4725037902765                  nan            0.9231877     -0.4506839097235
          1418.7440064           21.2614628                MQI5E               MQC1LE            0.5300002      0.5772062904308                  nan            0.0411405     -0.4639342095692
          1424.1361014           21.2754895                MQI4E               MQC1LE            0.5300002       0.590591411152                  nan            0.0551672      -0.464575788848
          1494.6206604           22.6372352               MQX2RE               MQC1LE            0.5300002      0.9692041184387                  nan            0.4169129     -0.4477087815613
          1564.3492168           23.6951094                MQM2E               MQC1LE            0.5300002      0.0212642863098                  nan            0.4747871     -0.4535228136902
          1608.8759522           24.4296714                MQM7E               MQC1LE            0.5300002      0.7732395948871                  nan            0.2093491     -0.4361095051129
          1634.7988225           24.9087078              MQEAE25               MQC1LE            0.5300002      0.2504750685975                  nan            0.6883855     -0.4379104314025
          1671.2575666           25.4514267              MQD3E21               MQC1LE            0.5300002      0.2552959838071                  nan            0.2311044      0.0241915838071
          1710.4692283           26.0568436              MQEAE27               MQC1LE            0.5300002      0.8555359141666                  nan            0.8365213      0.0190146141666
          1746.9279724           26.5995625              MQD3E23               MQC1LE            0.5300002      0.3923807928574                  nan            0.3792402     0.01314059285737
          1786.1396341           27.2049794              MQEAE29               MQC1LE            0.5300002      0.9880051546204                  nan            0.9846571      0.0033480546204
           1813.166033           27.6731146              MQEAE30               MQC1LE            0.5300002      0.4586761803551                  nan            0.4527923    0.005883880355098
          1861.1278611           28.3637785             MQTAFOE1               MQC1LE            0.5300002      0.1319343093292                  nan            0.1434562     -0.0115218906708
          1905.3942301           28.8386941             MQTAFOE2               MQC1LE            0.5300002       0.609369358108                  nan            0.6183718   -0.009002441892002
          1980.3824571           29.9974932              MQEAE32               MQC1LE            0.5300002      0.7690671328453                  nan            0.7771709   -0.008103767154702
          2065.4852081           31.2202127              MQD3E29               MQC1LE            0.5300002      0.0055034484118                  nan            0.9998904    0.005613048411798
          2104.6968698           31.8256296              MQEAE35               MQC1LE            0.5300002      0.5996730399564                  nan            0.6053073     -0.0056342600436
          2203.8099939           33.1656568              MQR2ORE               MQC1LE            0.5300002      0.9356869947942                  nan            0.9453345   -0.009647505205801
          2288.3421939           34.2378829              MQDROE5               MQC1LE            0.5300002       0.020898704654                  nan            0.0175606    0.003338104653997
          2389.8065079           35.8334041              MQEAE37               MQC1LE            0.5300002      0.6110157574981                  nan            0.6130818   -0.002066042501903
           2426.265252           36.3761229              MQD3E31               MQC1LE            0.5300002      0.1621812409209                  nan            0.1558006    0.006380640920901
          2465.4769137           36.9815398              MQEAE39               MQC1LE            0.5300002      0.7447409837341                  nan            0.7612175     -0.0164765162659
          2501.9356578           37.5242587              MQD3E33               MQC1LE            0.5300002      0.2848616938401                  nan            0.3039364     -0.0190747061599
          2541.1473195           38.1296756              MQEAE41               MQC1LE            0.5300002      0.8887347189128                  nan            0.9093533     -0.0206185810872
          2616.1355465           39.2884747             MQTAOTE1               MQC1LE            0.5300002      0.0525588126762                  nan            0.0681524     -0.0155935873238
          2660.4019155           39.7633903             MQTAOTE2               MQC1LE            0.5300002      0.5277622603724                  nan             0.543068     -0.0153057396276
          2735.3901425           40.9221894              MQEAE44               MQC1LE            0.5300002      0.6799376666874                  nan            0.7018671     -0.0219294333126
          2784.0341494             41.60219              MQEAE45               MQC1LE            0.5300002      0.3563324014233                  nan            0.3818677     -0.0255352985767
            2850.27221           42.6757421              MQD3E40               MQC1LE            0.5300002      0.8975041094189                  nan            0.4554198      0.4420843094189
          2920.9780873           43.8035918              MQLA2RE               MQC1LE            0.5300002      0.0350316825452                  nan            0.5832695      0.4517621825452
          2942.8131119           44.3053034              MQLB8RE               MQC1LE            0.5300002      0.5376795349999                  nan            0.0849811      0.4526984349999
          2960.9918734           44.5395614              MQLB1RE               MQC1LE            0.5300002      0.7201427613297                  nan            0.3192391      0.4009036613297
          2989.1433603           45.0677164              MQLC7RE               MQC1LE            0.5300002      0.2508822372491                  nan            0.8473941      0.4034881372491
          3003.3799331           45.2894231              MQLC3RE               MQC1LE            0.5300002       0.520666120101                  nan            0.0691008       0.451565320101
          3013.8146988           45.3047308               MQC2RE               MQC1LE            0.5300002      0.5358333756831                  nan            0.0844085      0.4514248756831
          3015.7846995           45.3257444               MQC1RE               MQC1LE            0.5300002      0.5582963221246                  nan            0.1054221      0.4528742221246