  DEBUG | :::  Elapsed time  >>>>>>>>>>    0.006 s | .measure_optics
   INFO | Calculating phase advances | optics_measurements.phase
   INFO | Measured tune in plane X = 0.543953850667 | optics_measurements.phase
WARNING | DataFrame to be written in 'output_example/unsynched_phase_output/HER_2019_05_20_18_30_09.sdds/getphasex.out' contains non-physical values at Index: ['MQC1LE', 'MQC2LE', 'MQLC3LE', 'MQLC7LE', 'MQLB1LE', 'MQLB4LE', 'MQLA2LE', 'MQLA5LE', 'MQD3E1', 'MQEAE4', 'MQD3E4', 'MQEAE6', 'MQTATNE1', 'MQTATNE2', 'MQEAE8', 'MQD3E8', 'MQEAE10', 'MQEAE11', 'MQR2NE1', 'MQFRNE3', 'MQDRNE5', 'MQEAE13', 'MQD3E12', 'MQEAE16', 'MQD3E14', 'MQEAE18', 'MQTANFE1', 'MQD3E16', 'MQEAE20', 'MQD3E18', 'MQEAE22', 'MQEAE23', 'MQI6E', 'MQI5E', 'MQI4E', 'MQX2RE', 'MQM2E', 'MQM7E', 'MQEAE25', 'MQD3E21', 'MQEAE27', 'MQD3E23', 'MQEAE29', 'MQEAE30', 'MQTAFOE1', 'MQTAFOE2', 'MQEAE32', 'MQD3E29', 'MQEAE35', 'MQR2ORE', 'MQDROE5', 'MQEAE37', 'MQD3E31', 'MQEAE39', 'MQD3E33', 'MQEAE41', 'MQTAOTE1', 'MQTAOTE2', 'MQEAE44', 'MQEAE45', 'MQD3E40', 'MQLA2RE', 'MQLB8RE', 'MQLB1RE', 'MQLC7RE', 'MQLC3RE', 'MQC2RE'] | tfs_files.tfs_pandas
  DEBUG | Attempting to write file: getphasex.out in output_example/unsynched_phase_output/HER_2019_05_20_18_30_09.sdds | tfs_files.tfs_pandas
  DEBUG | 67 lines in tfs table | tfs_files.tfs_file_writer
  DEBUG | 9 rows in tfs table: S MUXMDL NAME NAME2 S2 PHASEX STDPHX PHXMDL DELTAPHASEX | tfs_files.tfs_file_writer
   INFO | Phase advance beating in getphasex.out = 0.126309326018 | optics_measurements.phase
WARNING | DataFrame to be written in 'output_example/unsynched_phase_output/HER_2019_05_20_18_30_09.sdds/getphasetotx.out' contains non-physical values at Index: ['MQC1LE', 'MQC2LE', 'MQLC3LE', 'MQLC7LE', 'MQLB1LE', 'MQLB4LE', 'MQLA2LE', 'MQLA5LE', 'MQD3E1', 'MQEAE4', 'MQD3E4', 'MQEAE6', 'MQTATNE1', 'MQTATNE2', 'MQEAE8', 'MQD3E8', 'MQEAE10', 'MQEAE11', 'MQR2NE1', 'MQFRNE3', 'MQDRNE5', 'MQEAE13', 'MQD3E12', 'MQEAE16', 'MQD3E14', 'MQEAE18', 'MQTANFE1', 'MQD3E16', 'MQEAE20', 'MQD3E18', 'MQEAE22', 'MQEAE23', 'MQI6E', 'MQI5E', 'MQI4E', 'MQX2RE', 'MQM2E', 'MQM7E', 'MQEAE25', 'MQD3E21', 'MQEAE27', 'MQD3E23', 'MQEAE29', 'MQEAE30', 'MQTAFOE1', 'MQTAFOE2', 'MQEAE32', 'MQD3E29', 'MQEAE35', 'MQR2ORE', 'MQDROE5', 'MQEAE37', 'MQD3E31', 'MQEAE39', 'MQD3E33', 'MQEAE41', 'MQTAOTE1', 'MQTAOTE2', 'MQEAE44', 'MQEAE45', 'MQD3E40', 'MQLA2RE', 'MQLB8RE', 'MQLB1RE', 'MQLC7RE', 'MQLC3RE', 'MQC2RE', 'MQC1RE'] | tfs_files.tfs_pandas
  DEBUG | Attempting to write file: getphasetotx.out in output_example/unsynched_phase_output/HER_2019_05_20_18_30_09.sdds | tfs_files.tfs_pandas
  DEBUG | 68 lines in tfs table | tfs_files.tfs_file_writer
  DEBUG | 9 rows in tfs table: S MUXMDL NAME NAME2 S2 PHASEX STDPHX PHXMDL DELTAPHASEX | tfs_files.tfs_file_writer
   INFO | Phase advance beating in getphasetotx.out = 0.302208289118 | optics_measurements.phase
   INFO | Measured tune in plane Y = 0.597867185895 | optics_measurements.phase
WARNING | DataFrame to be written in 'output_example/unsynched_phase_output/HER_2019_05_20_18_30_09.sdds/getphasey.out' contains non-physical values at Index: ['MQC1LE', 'MQC2LE', 'MQLC3LE', 'MQLC7LE', 'MQLB1LE', 'MQLB4LE', 'MQLA2LE', 'MQLA5LE', 'MQD3E1', 'MQEAE4', 'MQD3E4', 'MQEAE6', 'MQTATNE1', 'MQTATNE2', 'MQEAE8', 'MQD3E8', 'MQEAE10', 'MQEAE11', 'MQR2NE1', 'MQFRNE3', 'MQDRNE5', 'MQEAE13', 'MQD3E12', 'MQEAE16', 'MQD3E14', 'MQEAE18', 'MQTANFE1', 'MQD3E16', 'MQEAE20', 'MQD3E18', 'MQEAE22', 'MQEAE23', 'MQI6E', 'MQI5E', 'MQI4E', 'MQX2RE', 'MQM2E', 'MQM7E', 'MQD3E21', 'MQEAE27', 'MQD3E23', 'MQEAE29', 'MQEAE30', 'MQTAFOE1', 'MQTAFOE2', 'MQEAE32', 'MQD3E29', 'MQEAE35', 'MQDROE5', 'MQEAE37', 'MQEAE39', 'MQD3E33', 'MQEAE41', 'MQTAOTE1', 'MQTAOTE2', 'MQEAE44', 'MQEAE45', 'MQD3E40', 'MQLA2RE', 'MQLB8RE', 'MQLB1RE', 'MQLC7RE', 'MQLC3RE', 'MQC2RE'] | tfs_files.tfs_pandas
  DEBUG | Attempting to write file: getphasey.out in output_example/unsynched_phase_output/HER_2019_05_20_18_30_09.sdds | tfs_files.tfs_pandas
  DEBUG | 64 lines in tfs table | tfs_files.tfs_file_writer
  DEBUG | 9 rows in tfs table: S MUYMDL NAME NAME2 S2 PHASEY STDPHY PHYMDL DELTAPHASEY | tfs_files.tfs_file_writer
   INFO | Phase advance beating in getphasey.out = 0.267503899625 | optics_measurements.phase
WARNING | DataFrame to be written in 'output_example/unsynched_phase_output/HER_2019_05_20_18_30_09.sdds/getphasetoty.out' contains non-physical values at Index: ['MQC1LE', 'MQC2LE', 'MQLC3LE', 'MQLC7LE', 'MQLB1LE', 'MQLB4LE', 'MQLA2LE', 'MQLA5LE', 'MQD3E1', 'MQEAE4', 'MQD3E4', 'MQEAE6', 'MQTATNE1', 'MQTATNE2', 'MQEAE8', 'MQD3E8', 'MQEAE10', 'MQEAE11', 'MQR2NE1', 'MQFRNE3', 'MQDRNE5', 'MQEAE13', 'MQD3E12', 'MQEAE16', 'MQD3E14', 'MQEAE18', 'MQTANFE1', 'MQD3E16', 'MQEAE20', 'MQD3E18', 'MQEAE22', 'MQEAE23', 'MQI6E', 'MQI5E', 'MQI4E', 'MQX2RE', 'MQM2E', 'MQM7E', 'MQD3E21', 'MQEAE27', 'MQD3E23', 'MQEAE29', 'MQEAE30', 'MQTAFOE1', 'MQTAFOE2', 'MQEAE32', 'MQD3E29', 'MQEAE35', 'MQDROE5', 'MQEAE37', 'MQEAE39', 'MQD3E33', 'MQEAE41', 'MQTAOTE1', 'MQTAOTE2', 'MQEAE44', 'MQEAE45', 'MQD3E40', 'MQLA2RE', 'MQLB8RE', 'MQLB1RE', 'MQLC7RE', 'MQLC3RE', 'MQC2RE', 'MQC1RE'] | tfs_files.tfs_pandas
  DEBUG | Attempting to write file: getphasetoty.out in output_example/unsynched_phase_output/HER_2019_05_20_18_30_09.sdds | tfs_files.tfs_pandas
  DEBUG | 65 lines in tfs table | tfs_files.tfs_file_writer
  DEBUG | 9 rows in tfs table: S MUYMDL NAME NAME2 S2 PHASEY STDPHY PHYMDL DELTAPHASEY | tfs_files.tfs_file_writer
   INFO | Phase advance beating in getphasetoty.out = 0.29238863508 | optics_measurements.phase
  DEBUG | :::  Elapsed time  >>>>>>>>>>    0.182 s | .measure_optics
   INFO | Calculating coupling using the 2-BPM-method and 1 file(s) | optics_measurements.coupling
  DEBUG | Creating TwissOptics from input DataFrame | twiss_optics.optics_class
  DEBUG | Creating Results Dataframes. | twiss_optics.optics_class
  DEBUG | Calculating CMatrix. | twiss_optics.optics_class
  DEBUG |   Average coupling amplitude |F1001|: nan | twiss_optics.optics_class
  DEBUG |   Average coupling amplitude |F1010|: nan | twiss_optics.optics_class
  DEBUG |   Average gamma: nan | twiss_optics.optics_class
  DEBUG |   CMatrix calculated in 0.017150s | twiss_optics.optics_class
  DEBUG |   Added fields to results: 'GAMMA_C', 'F1001_C', 'F1010_C', 'C11', 'C12', 'C21', 'C22' | twiss_optics.optics_class
  DEBUG | Index([u'MQC1LE', u'MQC2LE', u'MQLC3LE', u'MQLC7LE', u'MQLB1LE', u'MQLB4LE',
       u'MQLA2LE', u'MQLA5LE', u'MQD3E1', u'MQEAE4', u'MQD3E4', u'MQEAE6',
       u'MQTATNE1', u'MQTATNE2', u'MQEAE8', u'MQD3E8', u'MQEAE10', u'MQEAE11',
       u'MQR2NE1', u'MQFRNE3', u'MQDRNE5', u'MQEAE13', u'MQD3E12', u'MQEAE16',
       u'MQD3E14', u'MQEAE18', u'MQTANFE1', u'MQD3E16', u'MQEAE20', u'MQD3E18',
       u'MQEAE22', u'MQEAE23', u'MQI6E', u'MQI5E', u'MQI4E', u'MQX2RE',
       u'MQM2E', u'MQM7E', u'MQEAE25', u'MQD3E21', u'MQEAE27', u'MQD3E23',
       u'MQEAE29', u'MQEAE30', u'MQTAFOE1', u'MQTAFOE2', u'MQEAE32',
       u'MQD3E29', u'MQEAE35', u'MQR2ORE', u'MQDROE5', u'MQEAE37', u'MQD3E31',
       u'MQEAE39', u'MQD3E33', u'MQEAE41', u'MQTAOTE1', u'MQTAOTE2',
       u'MQEAE44', u'MQEAE45', u'MQD3E40', u'MQLA2RE', u'MQLB8RE', u'MQLB1RE',
       u'MQLC7RE', u'MQLC3RE', u'MQC2RE', u'MQC1RE'],
      dtype='object', name=u'NAME') | optics_measurements.coupling
  DEBUG | intersecting bpm lists for coupling calculation | optics_measurements.coupling
  DEBUG | BPM list after intersections: <class 'pandas.core.series.Series'>, length = 65 | optics_measurements.coupling
   INFO | OldCMINUS nan | optics_measurements.coupling
  DEBUG | 11 lines in tfs table | tfs_files.tfs_file_writer
  DEBUG | 19 rows in tfs table: NAME S COUNT F1001W FWSTD1 F1001R F1001I F1010W FWSTD2 F1010R F1010I Q1001 Q1001STD Q1010 Q1010STD MDLF1001R MDLF1001I MDLF1010R MDLF1010I | tfs_files.tfs_file_writer
WARNING | Sum resonance is dominant!  | optics_measurements.coupling
  DEBUG | 11 lines in tfs table | tfs_files.tfs_file_writer
  DEBUG | 10 rows in tfs table: NAME S DETC DETCE GAMMA GAMMAE C11 C12 C21 C22 | tfs_files.tfs_file_writer
  DEBUG | No best knowledge model - using the normal one. | optics_measurements.beta
   INFO | Calculating beta from phase | optics_measurements.beta
   INFO | Version: 2018.7.a | optics_measurements.beta
   INFO | range of BPMs: 11 | optics_measurements.beta
   INFO | cot of phase threshold: 15.9 | optics_measurements.beta
  DEBUG | quad field errors: [YES] | optics_measurements.beta
  DEBUG | quad long misalignments: [YES] | optics_measurements.beta
  DEBUG | sext transverse misalignments: [YES] | optics_measurements.beta
  DEBUG | BPM long misalignments: [YES] | optics_measurements.beta
  DEBUG | dipole K1 errors: [ NO] | optics_measurements.beta
  DEBUG | analytical alpha: [ YES] | optics_measurements.beta
  DEBUG | Accelerator Error Definition | optics_measurements.beta
  DEBUG | Start creating uncertainty information | optics_measurements.beta
  DEBUG | Reading path: model/errordefs | tfs_files.tfs_pandas
  DEBUG | Setting column names. | tfs_files.tfs_pandas
  DEBUG | Setting column types. | tfs_files.tfs_pandas
  DEBUG | DataFrame from file 'model/errordefs' validated. | tfs_files.tfs_pandas
  DEBUG | creating uncertainty information for RegEx ^Q | optics_measurements.beta
  DEBUG | creating uncertainty information for RegEx ^S | optics_measurements.beta
  DEBUG | creating uncertainty information for RegEx ^MQ | optics_measurements.beta
  DEBUG | DONE creating uncertainty information | optics_measurements.beta
   INFO | Beta X free calculation | optics_measurements.beta
  DEBUG | starting scan_all_BPMs_withsystematicerrors | optics_measurements.beta
   INFO |  - RMS beta beat: 26.32% | optics_measurements.beta
   INFO |  - elapsed time: 1.08s | optics_measurements.beta
   INFO | Errors from Analytical N-BPM method | optics_measurements.beta
   INFO | Beta Y free calculation | optics_measurements.beta
  DEBUG | starting scan_all_BPMs_withsystematicerrors | optics_measurements.beta
   INFO |  - RMS beta beat: 301.52% | optics_measurements.beta
   INFO |  - elapsed time: 0.77s | optics_measurements.beta
   INFO | Errors from Analytical N-BPM method | optics_measurements.beta
  DEBUG | writing getbetax.out | optics_measurements.beta
  DEBUG | DataFrame to be written in 'output_example/unsynched_phase_output/HER_2019_05_20_18_30_09.sdds/getbetax.out' validated. | tfs_files.tfs_pandas
  DEBUG | Attempting to write file: getbetax.out in output_example/unsynched_phase_output/HER_2019_05_20_18_30_09.sdds | tfs_files.tfs_pandas
  DEBUG | 68 lines in tfs table | tfs_files.tfs_file_writer
  DEBUG | 16 rows in tfs table: NAME S BETXMDL ALFXMDL BETX STATBETX SYSBETX ERRBETX ALFX STATALFX SYSALFX ERRALFX CORR NCOMB BBEATX DELTABETX | tfs_files.tfs_file_writer
  DEBUG | writing getbetay.out | optics_measurements.beta
  DEBUG | DataFrame to be written in 'output_example/unsynched_phase_output/HER_2019_05_20_18_30_09.sdds/getbetay.out' validated. | tfs_files.tfs_pandas
  DEBUG | Attempting to write file: getbetay.out in output_example/unsynched_phase_output/HER_2019_05_20_18_30_09.sdds | tfs_files.tfs_pandas
  DEBUG | 65 lines in tfs table | tfs_files.tfs_file_writer
  DEBUG | 16 rows in tfs table: NAME S BETYMDL ALFYMDL BETY STATBETY SYSBETY ERRBETY ALFY STATALFY SYSALFY ERRALFY CORR NCOMB BBEATY DELTABETY | tfs_files.tfs_file_writer
  DEBUG | DataFrame to be written in 'output_example/unsynched_phase_output/HER_2019_05_20_18_30_09.sdds/getampbetax.out' validated. | tfs_files.tfs_pandas
  DEBUG | Attempting to write file: getampbetax.out in output_example/unsynched_phase_output/HER_2019_05_20_18_30_09.sdds | tfs_files.tfs_pandas
  DEBUG | 68 lines in tfs table | tfs_files.tfs_file_writer
  DEBUG | 10 rows in tfs table: NAME S COUNT BETX BETXSTD BETXMDL MUXMDL DELTABETX BETXRES BETXSTDRES | tfs_files.tfs_file_writer
  DEBUG | DataFrame to be written in 'output_example/unsynched_phase_output/HER_2019_05_20_18_30_09.sdds/getampbetay.out' validated. | tfs_files.tfs_pandas
  DEBUG | Attempting to write file: getampbetay.out in output_example/unsynched_phase_output/HER_2019_05_20_18_30_09.sdds | tfs_files.tfs_pandas
  DEBUG | 65 lines in tfs table | tfs_files.tfs_file_writer
  DEBUG | 10 rows in tfs table: NAME S COUNT BETY BETYSTD BETYMDL MUYMDL DELTABETY BETYRES BETYSTDRES | tfs_files.tfs_file_writer
  ERROR | Traceback (most recent call last): | .measure_optics
  ERROR |   File [38;2;0;255;100m/home/akoval/work_local/git/Beta-Beat.src/measure_optics.py[0m [1mline [38;2;80;160;255m92[0m[21m, in measure_optics | .measure_optics
  ERROR |     measure_input.accelerator, phase_dict, mad_twiss | .measure_optics
  ERROR |   File [38;2;0;255;100m/home/akoval/work_local/git/Beta-Beat.src/optics_measurements/interaction_point.py[0m [1mline [38;2;80;160;255m41[0m[21m, in betastar_from_phase | .measure_optics
  ERROR |     .format(accel=accel.__name__)) | .measure_optics
  ERROR | AttributeError: 'SKekB' object has no attribute '__name__' | .measure_optics
  ERROR |  | .measure_optics
WARNING | DataFrame to be written in 'output_example/unsynched_phase_output/HER_2019_05_20_18_30_09.sdds/getCOx.out' contains non-physical values at Index: ['MQC1LE', 'MQC2LE', 'MQLC3LE', 'MQLC7LE', 'MQLB1LE', 'MQLB4LE', 'MQLA2LE', 'MQLA5LE', 'MQD3E1', 'MQEAE4', 'MQD3E4', 'MQEAE6', 'MQTATNE1', 'MQTATNE2', 'MQEAE8', 'MQD3E8', 'MQEAE10', 'MQEAE11', 'MQR2NE1', 'MQFRNE3', 'MQDRNE5', 'MQEAE13', 'MQD3E12', 'MQEAE16', 'MQD3E14', 'MQEAE18', 'MQTANFE1', 'MQD3E16', 'MQEAE20', 'MQD3E18', 'MQEAE22', 'MQEAE23', 'MQI6E', 'MQI5E', 'MQI4E', 'MQX2RE', 'MQM2E', 'MQM7E', 'MQEAE25', 'MQD3E21', 'MQEAE27', 'MQD3E23', 'MQEAE29', 'MQEAE30', 'MQTAFOE1', 'MQTAFOE2', 'MQEAE32', 'MQD3E29', 'MQEAE35', 'MQR2ORE', 'MQDROE5', 'MQEAE37', 'MQD3E31', 'MQEAE39', 'MQD3E33', 'MQEAE41', 'MQTAOTE1', 'MQTAOTE2', 'MQEAE44', 'MQEAE45', 'MQD3E40', 'MQLA2RE', 'MQLB8RE', 'MQLB1RE', 'MQLC7RE', 'MQLC3RE', 'MQC2RE', 'MQC1RE'] | tfs_files.tfs_pandas
  DEBUG | Attempting to write file: getCOx.out in output_example/unsynched_phase_output/HER_2019_05_20_18_30_09.sdds | tfs_files.tfs_pandas
  DEBUG | 68 lines in tfs table | tfs_files.tfs_file_writer
  DEBUG | 8 rows in tfs table: NAME S COUNT X STDX XMDL MUXMDL DELTAX | tfs_files.tfs_file_writer
WARNING | DataFrame to be written in 'output_example/unsynched_phase_output/HER_2019_05_20_18_30_09.sdds/getCOy.out' contains non-physical values at Index: ['MQC1LE', 'MQC2LE', 'MQLC3LE', 'MQLC7LE', 'MQLB1LE', 'MQLB4LE', 'MQLA2LE', 'MQLA5LE', 'MQD3E1', 'MQEAE4', 'MQD3E4', 'MQEAE6', 'MQTATNE1', 'MQTATNE2', 'MQEAE8', 'MQD3E8', 'MQEAE10', 'MQEAE11', 'MQR2NE1', 'MQFRNE3', 'MQDRNE5', 'MQEAE13', 'MQD3E12', 'MQEAE16', 'MQD3E14', 'MQEAE18', 'MQTANFE1', 'MQD3E16', 'MQEAE20', 'MQD3E18', 'MQEAE22', 'MQEAE23', 'MQI6E', 'MQI5E', 'MQI4E', 'MQX2RE', 'MQM2E', 'MQM7E', 'MQD3E21', 'MQEAE27', 'MQD3E23', 'MQEAE29', 'MQEAE30', 'MQTAFOE1', 'MQTAFOE2', 'MQEAE32', 'MQD3E29', 'MQEAE35', 'MQDROE5', 'MQEAE37', 'MQEAE39', 'MQD3E33', 'MQEAE41', 'MQTAOTE1', 'MQTAOTE2', 'MQEAE44', 'MQEAE45', 'MQD3E40', 'MQLA2RE', 'MQLB8RE', 'MQLB1RE', 'MQLC7RE', 'MQLC3RE', 'MQC2RE', 'MQC1RE'] | tfs_files.tfs_pandas
  DEBUG | Attempting to write file: getCOy.out in output_example/unsynched_phase_output/HER_2019_05_20_18_30_09.sdds | tfs_files.tfs_pandas
  DEBUG | 65 lines in tfs table | tfs_files.tfs_file_writer
  DEBUG | 8 rows in tfs table: NAME S COUNT Y STDY YMDL MUYMDL DELTAY | tfs_files.tfs_file_writer
  DEBUG | DataFrame to be written in 'output_example/unsynched_phase_output/HER_2019_05_20_18_30_09.sdds/getkick.out' validated. | tfs_files.tfs_pandas
  DEBUG | Attempting to write file: getkick.out in output_example/unsynched_phase_output/HER_2019_05_20_18_30_09.sdds | tfs_files.tfs_pandas
  DEBUG | 1 lines in tfs table | tfs_files.tfs_file_writer
  DEBUG | 17 rows in tfs table: DPP QX QXRMS QY QYRMS NATQX NATQXRMS NATQY NATQYRMS sqrt2JX sqrt2JXSTD sqrt2JY sqrt2JYSTD 2JX 2JXSTD 2JY 2JYSTD | tfs_files.tfs_file_writer
  DEBUG | :::  Elapsed time  >>>>>>>>>>    2.456 s | .measure_optics
