__main__ - DEBUG - /afs/cern.ch/work/o/omc/anaconda/bin/python /nfs/sadnas1a/users/lzuyangrj/Kmodu/Adam/Beta-Beat.src/hole_in_one.py --file unsynched_sdds_example/HER_2019_05_20_18_30_09.sdds --outputdir output_example/unsynched_harmonic_output/ --model model/twiss.dat --startturn 2 --endturn 2000 harpy --harpy_mode bpm --tunex=0.5375300000133 --tuney=0.58697000000201 --nattunex=0.5375300000133 --nattuney=0.58697000000201 --tolerance=0.04 --tune_clean_limit=1e-4
tfs_files.tfs_pandas - DEBUG - Reading path: model/twiss.dat
tfs_files.tfs_pandas - DEBUG - Setting column names.
tfs_files.tfs_pandas - DEBUG - Setting column types.
tfs_files.tfs_pandas - DEBUG - DataFrame from file 'model/twiss.dat' validated.
__main__ - DEBUG - Time for orbit_analysis: 0.00703287124634
__main__ - DEBUG - Time for orbit_analysis: 0.00537610054016
__main__ - DEBUG - Time for harmonic_analysis: 3.09944152832e-06
tfs_files.tfs_pandas - DEBUG - DataFrame to be written in 'output_example/unsynched_harmonic_output/HER_2019_05_20_18_30_09.sdds.linx' validated.
tfs_files.tfs_pandas - DEBUG - Attempting to write file: HER_2019_05_20_18_30_09.sdds.linx in output_example/unsynched_harmonic_output
tfs_files.tfs_file_writer - DEBUG - 68 lines in tfs table
tfs_files.tfs_file_writer - DEBUG - 60 rows in tfs table: NAME S PK2PK CO CORMS NOISE AVG_NOISE TUNEX AMPX MUX NATTUNEX NATMUX NATAMPX AMP_21 PHASE_21 FREQ_21 AMP02 PHASE02 FREQ02 AMP_30 PHASE_30 FREQ_30 AMP20 PHASE20 FREQ20 AMP11 PHASE11 FREQ11 AMP2_2 PHASE2_2 FREQ2_2 AMP30 PHASE30 FREQ30 AMP1_2 PHASE1_2 FREQ1_2 AMP_1_1 PHASE_1_1 FREQ_1_1 AMP_13 PHASE_13 FREQ_13 AMP0_2 PHASE0_2 FREQ0_2 AMP_20 PHASE_20 FREQ_20 AMP01 PHASE01 FREQ01 AMP_1_2 PHASE_1_2 FREQ_1_2 AMP12 PHASE12 FREQ12 MUXSYNC NOISE_SCALED
tfs_files.tfs_pandas - DEBUG - DataFrame to be written in 'output_example/unsynched_harmonic_output/HER_2019_05_20_18_30_09.sdds.ampsx' validated.
tfs_files.tfs_pandas - DEBUG - Attempting to write file: HER_2019_05_20_18_30_09.sdds.ampsx in output_example/unsynched_harmonic_output
tfs_files.tfs_file_writer - DEBUG - 300 lines in tfs table
tfs_files.tfs_file_writer - DEBUG - 68 rows in tfs table: MQC1LE MQC2LE MQLC3LE MQLC7LE MQLB1LE MQLB4LE MQLA2LE MQLA5LE MQD3E1 MQEAE4 MQD3E4 MQEAE6 MQTATNE1 MQTATNE2 MQEAE8 MQD3E8 MQEAE10 MQEAE11 MQR2NE1 MQFRNE3 MQDRNE5 MQEAE13 MQD3E12 MQEAE16 MQD3E14 MQEAE18 MQTANFE1 MQD3E16 MQEAE20 MQD3E18 MQEAE22 MQEAE23 MQI6E MQI5E MQI4E MQX2RE MQM2E MQM7E MQEAE25 MQD3E21 MQEAE27 MQD3E23 MQEAE29 MQEAE30 MQTAFOE1 MQTAFOE2 MQEAE32 MQD3E29 MQEAE35 MQR2ORE MQDROE5 MQEAE37 MQD3E31 MQEAE39 MQD3E33 MQEAE41 MQTAOTE1 MQTAOTE2 MQEAE44 MQEAE45 MQD3E40 MQLA2RE MQLB8RE MQLB1RE MQLC7RE MQLC3RE MQC2RE MQC1RE
tfs_files.tfs_pandas - DEBUG - DataFrame to be written in 'output_example/unsynched_harmonic_output/HER_2019_05_20_18_30_09.sdds.freqsx' validated.
tfs_files.tfs_pandas - DEBUG - Attempting to write file: HER_2019_05_20_18_30_09.sdds.freqsx in output_example/unsynched_harmonic_output
tfs_files.tfs_file_writer - DEBUG - 300 lines in tfs table
tfs_files.tfs_file_writer - DEBUG - 68 rows in tfs table: MQC1LE MQC2LE MQLC3LE MQLC7LE MQLB1LE MQLB4LE MQLA2LE MQLA5LE MQD3E1 MQEAE4 MQD3E4 MQEAE6 MQTATNE1 MQTATNE2 MQEAE8 MQD3E8 MQEAE10 MQEAE11 MQR2NE1 MQFRNE3 MQDRNE5 MQEAE13 MQD3E12 MQEAE16 MQD3E14 MQEAE18 MQTANFE1 MQD3E16 MQEAE20 MQD3E18 MQEAE22 MQEAE23 MQI6E MQI5E MQI4E MQX2RE MQM2E MQM7E MQEAE25 MQD3E21 MQEAE27 MQD3E23 MQEAE29 MQEAE30 MQTAFOE1 MQTAFOE2 MQEAE32 MQD3E29 MQEAE35 MQR2ORE MQDROE5 MQEAE37 MQD3E31 MQEAE39 MQD3E33 MQEAE41 MQTAOTE1 MQTAOTE2 MQEAE44 MQEAE45 MQD3E40 MQLA2RE MQLB8RE MQLB1RE MQLC7RE MQLC3RE MQC2RE MQC1RE
tfs_files.tfs_pandas - DEBUG - DataFrame to be written in 'output_example/unsynched_harmonic_output/HER_2019_05_20_18_30_09.sdds.liny' validated.
tfs_files.tfs_pandas - DEBUG - Attempting to write file: HER_2019_05_20_18_30_09.sdds.liny in output_example/unsynched_harmonic_output
tfs_files.tfs_file_writer - DEBUG - 65 lines in tfs table
tfs_files.tfs_file_writer - DEBUG - 45 rows in tfs table: NAME S PK2PK CO CORMS NOISE AVG_NOISE TUNEY AMPY MUY NATTUNEY NATMUY NATAMPY AMP_11 PHASE_11 FREQ_11 AMP11 PHASE11 FREQ11 AMP21 PHASE21 FREQ21 AMP10 PHASE10 FREQ10 AMP_12 PHASE_12 FREQ_12 AMP1_1 PHASE1_1 FREQ1_1 AMP0_3 PHASE0_3 FREQ0_3 AMP_13 PHASE_13 FREQ_13 AMP0_2 PHASE0_2 FREQ0_2 AMP_20 PHASE_20 FREQ_20 MUYSYNC NOISE_SCALED
tfs_files.tfs_pandas - DEBUG - DataFrame to be written in 'output_example/unsynched_harmonic_output/HER_2019_05_20_18_30_09.sdds.ampsy' validated.
tfs_files.tfs_pandas - DEBUG - Attempting to write file: HER_2019_05_20_18_30_09.sdds.ampsy in output_example/unsynched_harmonic_output
tfs_files.tfs_file_writer - DEBUG - 300 lines in tfs table
tfs_files.tfs_file_writer - DEBUG - 68 rows in tfs table: MQC1LE MQC2LE MQLC3LE MQLC7LE MQLB1LE MQLB4LE MQLA2LE MQLA5LE MQD3E1 MQEAE4 MQD3E4 MQEAE6 MQTATNE1 MQTATNE2 MQEAE8 MQD3E8 MQEAE10 MQEAE11 MQR2NE1 MQFRNE3 MQDRNE5 MQEAE13 MQD3E12 MQEAE16 MQD3E14 MQEAE18 MQTANFE1 MQD3E16 MQEAE20 MQD3E18 MQEAE22 MQEAE23 MQI6E MQI5E MQI4E MQX2RE MQM2E MQM7E MQEAE25 MQD3E21 MQEAE27 MQD3E23 MQEAE29 MQEAE30 MQTAFOE1 MQTAFOE2 MQEAE32 MQD3E29 MQEAE35 MQR2ORE MQDROE5 MQEAE37 MQD3E31 MQEAE39 MQD3E33 MQEAE41 MQTAOTE1 MQTAOTE2 MQEAE44 MQEAE45 MQD3E40 MQLA2RE MQLB8RE MQLB1RE MQLC7RE MQLC3RE MQC2RE MQC1RE
tfs_files.tfs_pandas - DEBUG - DataFrame to be written in 'output_example/unsynched_harmonic_output/HER_2019_05_20_18_30_09.sdds.freqsy' validated.
tfs_files.tfs_pandas - DEBUG - Attempting to write file: HER_2019_05_20_18_30_09.sdds.freqsy in output_example/unsynched_harmonic_output
tfs_files.tfs_file_writer - DEBUG - 300 lines in tfs table
tfs_files.tfs_file_writer - DEBUG - 68 rows in tfs table: MQC1LE MQC2LE MQLC3LE MQLC7LE MQLB1LE MQLB4LE MQLA2LE MQLA5LE MQD3E1 MQEAE4 MQD3E4 MQEAE6 MQTATNE1 MQTATNE2 MQEAE8 MQD3E8 MQEAE10 MQEAE11 MQR2NE1 MQFRNE3 MQDRNE5 MQEAE13 MQD3E12 MQEAE16 MQD3E14 MQEAE18 MQTANFE1 MQD3E16 MQEAE20 MQD3E18 MQEAE22 MQEAE23 MQI6E MQI5E MQI4E MQX2RE MQM2E MQM7E MQEAE25 MQD3E21 MQEAE27 MQD3E23 MQEAE29 MQEAE30 MQTAFOE1 MQTAFOE2 MQEAE32 MQD3E29 MQEAE35 MQR2ORE MQDROE5 MQEAE37 MQD3E31 MQEAE39 MQD3E33 MQEAE41 MQTAOTE1 MQTAOTE2 MQEAE44 MQEAE45 MQD3E40 MQLA2RE MQLB8RE MQLB1RE MQLC7RE MQLC3RE MQC2RE MQC1RE
__main__ - INFO - Total time for file: 1.94504904747
