@ ErrorsFrom: %s "Analytical N-BPM method"
@ RCond %le 1e-10
@ RangeOfBPMs %d 11
@ Measure_optics:version %s "0.2.0"
@ FILENAME %s "getbetay.out"
@ Model_directory %s "model/"
@ CALCULATION_TIME %s "0.49 s"
@ Command %s "/usr/bin/python2 '/nfs/sadnas1a/users/lzuyangrj/Kmodu/Adam/Beta-Beat.src/measure_optics.py' '--model' 'model/' '--accel' 'skekb' '--files' 'output_example/synched_harmonic_output/HER_2019_05_20_18_30_00.sdds' '--output' 'output_example/synched_phase_output/HER_2019_05_20_18_30_00.sdds/'"
@ RMS_BETABEAT %s "285.731 %"
@ Date %s "19. July 2019, 23:27:16"
@ BetaAlgorithmVersion %s "2018.7.a"
@ CWD %s "/nfs/sadnas1a/users/lzuyangrj/Kmodu/Adam/SKEKB_TbT_analysis"
*                 NAME                    S              BETYMDL              ALFYMDL                 BETY             STATBETY              SYSBETY              ERRBETY                 ALFY             STATALFY              SYSALFY              ERRALFY                 CORR                NCOMB               BBEATY            DELTABETY
$                   %s                  %le                  %le                  %le                  %le                  %le                  %le                  %le                  %le                  %le                  %le                  %le                  %le                   %d                  %le                  %le
                MQC2LE            2.2500008          291.1407337             168.5324       3839.415190291                    0                    0       9744.298740122       2225.739970639                    0                    0        11303.0741252                    0                    1       12.18748888724       12.18748888724
               MQLC3LE           12.9355133            7.6774363            3.9602896       -1.25035809919                    0                    0       8.796627994008      -0.302860758111                    0                    0       10.41894072929                    0                   17      -1.162861409764      -1.162861409764
               MQLC7LE           27.2720861          227.9670433            2.7768696       2262.666270122                    0                    0       731.0835780376       34.11031812601                    0                    0       20.54098053953                    0                    5       8.925409556434       8.925409556434
               MQLB1LE           55.2235731          227.9626232           -2.7726728       139.9147425606                    0                    0       2022.203848793      -1.010723928634                    0                    0       36.13654008433                    0                    4      -0.386238232406      -0.386238232406
               MQLB4LE           77.1787307           18.1118897           -5.8434664     0.01048579370503                    0                    0       24.85396572848    0.001725102232227                    0                    0        17.0493215677                    0                   11      -0.999421054684      -0.999421054684
               MQLA2LE           98.9121927           17.1404258            6.7980612         4.4201698399                    0                    0       25.51631299335       1.783426864382                    0                    0       19.01767071053                    0                    8     -0.7421201846747     -0.7421201846747
               MQLA5LE          119.0986538          234.1217208           14.3138633      -59.05929310866                    0                    0       289.6816893725      -8.304783338386                    0                    0        34.2228878718                    0                   12      -1.252258922867      -1.252258922867
                MQD3E1          164.5639584           20.9498176            1.7084092       41.91567183492                    0                    0       20.49665771483       3.369614595787                    0                    0       3.145368008899                    0                   19       1.000765478498       1.000765478498
                MQEAE4          230.8020191            7.6858431            1.2526734       17.89585403586                    0                    0       7.726315747595       1.668997316081                    0                    0       2.399475573387                    0                   15       1.328417820012       1.328417820012
                MQD3E4          270.0136808           20.9498176           -1.7084092       31.69743615977                    0                    0       15.95525542651      -1.676810535195                    0                    0       2.998941387113                    0                   26      0.5130172856384      0.5130172856384
                MQEAE6          306.4724249            7.6858431            1.2526734       13.20661379723                    0                    0       6.653426750948       2.321050174403                    0                    0       2.258718744762                    0                   27      0.7183038510408      0.7183038510408
              MQTATNE1          354.4092937           14.5078121           -1.2253565       -1.59438268828                    0                    0       14.06521742846     -0.7397563500564                    0                    0       2.378322777109                    0                   19      -1.109898217408      -1.109898217408
              MQTATNE2          397.7476034           14.5078121            1.2253565       20.84651864851                    0                    0        14.3510449313       2.885030015979                    0                    0       2.836939929785                    0                   36      0.4369167800646      0.4369167800646
                MQEAE8          472.7108711            7.6858431            1.2526734      0.8319104240454                    0                    0       7.579233537002     -0.6994302214899                    0                    0       2.860605007157                    0                   20      -0.891760680875      -0.891760680875
                MQD3E8          511.9225329           20.9498176           -1.7084092       27.59147999062                    0                    0       18.70170286281      -2.545397494755                    0                    0       3.472249512562                    0                   25      0.3170272179659      0.3170272179659
               MQEAE10          548.3812769            7.6858431            1.2526734      -2.602031807237                    0                    0       6.746664109704     -0.6468651930444                    0                    0       2.251457960177                    0                   19      -1.338548650211      -1.338548650211
               MQEAE11          597.0252838            7.6858431           -1.2526734      -15.29151343887                    0                    0       9.195588977941       1.665989465572                    0                    0       2.833049434139                    0                   13      -2.989568774682      -2.989568774682
               MQR2NE1          696.7698054            9.2517301           -0.6740765      -5.502601909336                    0                    0       13.44971953507       2.048707200559                    0                    0       3.328883468152                    0                   13      -1.594764638598      -1.594764638598
               MQFRNE3          753.3246054            9.2517568           -0.6740695      -1.882346791538                    0                    0       9.703552413232      -1.044698489416                    0                    0       2.060714566411                    0                   22      -1.203458308755      -1.203458308755
               MQDRNE5          781.6020054           30.1970047            1.9356985      -10.55679822247                    0                    0       30.26577147797     -0.5013113721118                    0                    0       4.589156924164                    0                   18      -1.349597528873      -1.349597528873
               MQEAE13           881.197528            7.6858431           -1.2526734       8.294939218074                    0                    0       8.312665671008      -1.572986311459                    0                    0       3.229711541015                    0                   25     0.07924909605222     0.07924909605222
               MQD3E12          947.4355886           20.9498176           -1.7084092      -4.786318755565                    0                    0       20.98484701792      0.9518942239415                    0                    0       4.157371401699                    0                   10      -1.228465891539      -1.228465891539
               MQEAE16          983.8943327            7.6858431            1.2526734       1.368761328784                    0                    0       6.908346857337     0.02273276627219                    0                    0       2.444406729046                    0                   10      -0.821911362101      -0.821911362101
               MQD3E14         1023.1059944           20.9498176           -1.7084092      -80.69138828603                    0                    0       17.96193500716       8.859424219377                    0                    0       3.076361708048                    0                   15       -4.85165111347       -4.85165111347
               MQEAE18         1059.5647385            7.6858431            1.2526734      -16.06876733402                    0                    0       7.991373612705      -1.260509871315                    0                    0       2.428126061001                    0                   13      -3.090696768715      -3.090696768715
              MQTANFE1         1107.5016074           14.5078121           -1.2253565      -52.51751794747                    0                    0       14.49629950077       1.460370801297                    0                    0       2.237767781184                    0                   19        -4.6199474866        -4.6199474866
               MQD3E16         1189.3444407           20.9498176           -1.7084092      -67.98207384303                    0                    0       22.49983368415       1.913002770262                    0                    0       3.452194497842                    0                   11       -4.24499597758       -4.24499597758
               MQEAE20         1225.8031848            7.6858431            1.2526734     -0.3524454919306                    0                    0       6.633825871078      0.4434937555223                    0                    0        2.68834747419                    0                   25      -1.045856451575      -1.045856451575
               MQD3E18         1265.0148465           20.9498176           -1.7084092      -14.65434795241                    0                    0       30.99037711284       3.011415163311                    0                    0       6.602200775537                    0                    9      -1.699497639178      -1.699497639178
               MQEAE22         1301.4735906            7.6858431            1.2526734      -6.221337383105                    0                    0       7.722039819046    -0.04935030732756                    0                    0       2.363619155271                    0                   12       -1.80945412262       -1.80945412262
               MQEAE23         1350.1175975            7.6858431           -1.2526734       3.671964066495                    0                    0       10.28662528493      0.9406054571177                    0                    0       2.364168753255                    0                   22     -0.5222431659456     -0.5222431659456
                 MQI6E         1404.3012987           27.8083512            1.2057705      -4.020757728691                    0                    0       25.78795634467   -0.005132099571589                    0                    0       2.721859173273                    0                   20      -1.144588138282      -1.144588138282
                 MQI5E         1418.7440064           69.7334913            4.4926479      -168.8535687659                    0                    0       81.98946029399      -14.08297886108                    0                    0       9.997026778036                    0                   16      -3.421412804925      -3.421412804925
                 MQI4E         1424.1361014           30.1163345            2.8546183      -1.064210066309                    0                    0       37.76132676561       -2.41731893205                    0                    0       6.906606670446                    0                   13      -1.035336639866      -1.035336639866
                MQX2RE         1494.6206604           22.2827608            0.9330685       19.82752791044                    0                    0       25.13743258165       1.561060197618                    0                    0       1.981495283892                    0                   23     -0.1101853092442     -0.1101853092442
                 MQM2E         1564.3492168           28.5508884            1.3770404       113.6901185528                    0                    0       32.25918385771       7.821853632579                    0                    0       3.999195651297                    0                   22       2.982016845151       2.982016845151
                 MQM7E         1608.8759522           35.6097046            -3.009263        29.0075919102                    0                    0       31.14600689507     -0.2720988955813                    0                    0       5.649026934523                    0                   13     -0.1854020628353     -0.1854020628353
               MQEAE25         1634.7988225            7.6858431           -1.2526734       28.34255267906                    0                    0       8.346893399931      -3.752506281584                    0                    0       2.653273279312                    0                   24       2.687630922242       2.687630922242
               MQD3E21         1671.2575666           20.9498176            1.7084092       3.667502621055                    0                    0       19.22153619395     -0.2475839961262                    0                    0       3.413868681699                    0                   15     -0.8249386848573     -0.8249386848573
               MQEAE27         1710.4692283            7.6858431           -1.2526734        15.5235512126                    0                    0       5.823403224941      -1.399770011815                    0                    0       2.174063068721                    0                   31        1.01975905709        1.01975905709
               MQD3E23         1746.9279724           20.9498176            1.7084092      -9.248322427328                    0                    0       19.94539882438      0.3390240699577                    0                    0       4.980604972782                    0                   15      -1.441451214703      -1.441451214703
               MQEAE29         1786.1396341            7.6858431           -1.2526734       8.639436696913                    0                    0       8.865815547216      -3.616624617665                    0                    0       3.568277976743                    0                   18       0.124071436862       0.124071436862
               MQEAE30          1813.166033            7.6858431            1.2526734       6.816125391589                    0                    0       8.822461350246     0.07027403645028                    0                    0       3.686597648207                    0                   19     -0.1131584000734     -0.1131584000734
              MQTAFOE1         1861.1278611           13.8843623           -1.6545976       -2.54844552949                    0                    0       14.10708034903      0.1390332389905                    0                    0       3.731907549494                    0                   27      -1.183547899027      -1.183547899027
              MQTAFOE2         1905.3942301           13.8843623            1.6545976    -0.07135035939991                    0                    0       13.49203514696     0.09918964909598                    0                    0       2.729299352687                    0                   25      -1.005138900719      -1.005138900719
               MQEAE32         1980.3824571            7.6858431            1.2526734        -3.7374218512                    0                    0       8.573244039803     -0.5599758312519                    0                    0       2.531719554302                    0                   20       -1.48627350345       -1.48627350345
               MQD3E29         2065.4852081           20.9498176            1.7084092       137.4156712272                    0                    0       22.13129792718       11.92247538215                    0                    0       3.785464770413                    0                   27        5.55927769162        5.55927769162
               MQEAE35         2104.6968698            7.6858431           -1.2526734       20.62758983747                    0                    0       5.889294099423      0.8274373285312                    0                    0       2.163805486087                    0                   34        1.68384217178        1.68384217178
               MQR2ORE         2203.8099939            4.7479218            0.5746181       3.364664073955                    0                    0       4.554011611464      -0.983405633737                    0                    0       1.475181765632                    0                   14     -0.2913396185349     -0.2913396185349
               MQDROE5         2288.3421939           29.3993215           -2.5237427      -13.88812439529                    0                    0       26.22206344239     -0.9601793764834                    0                    0       6.000812687942                    0                   13      -1.472396085579      -1.472396085579
               MQEAE37         2389.8065079            7.6858431           -1.2526734       6.838330998134                    0                    0       7.332105395097     0.05594821099784                    0                    0       2.541759157484                    0                   18     -0.1102692431837     -0.1102692431837
               MQD3E31          2426.265252           20.9498176            1.7084092       22.69786192402                    0                    0       24.63722512738       1.771194940607                    0                    0       4.124200020717                    0                   11     0.08343959634388     0.08343959634388
               MQEAE39         2465.4769137            7.6858431           -1.2526734       6.027510723717                    0                    0       7.998494811735     -0.9422447842083                    0                    0        2.07522619377                    0                   15     -0.2157645367862     -0.2157645367862
               MQD3E33         2501.9356578           20.9498176            1.7084092       3.431334940021                    0                    0        19.2555378188      0.7743686016905                    0                    0       3.810970865506                    0                   19      -0.836211703341      -0.836211703341
               MQEAE41         2541.1473195            7.6858431           -1.2526734       27.31785728911                    0                    0       9.629783738987      -8.960662677162                    0                    0       3.841424787095                    0                   10       2.554308477766       2.554308477766
              MQTAOTE1         2616.1355465           13.8843623           -1.6545976      -3.881435420674                    0                    0       14.99894061074      0.5423120150517                    0                    0       3.855005422637                    0                   21      -1.279554461113      -1.279554461113
              MQTAOTE2         2660.4019155           13.8843623            1.6545976      -3.546432914378                    0                    0       14.49453326067     0.08603900708561                    0                    0       2.987419480301                    0                   16      -1.255426416983      -1.255426416983
               MQEAE44         2735.3901425            7.6858431            1.2526734      -29.41849499882                    0                    0       11.71796849623      -1.433191880844                    0                    0       3.702575705877                    0                   11      -4.827621071111      -4.827621071111
               MQEAE45         2784.0341494            7.6858431           -1.2526734       8.237081645896                    0                    0       9.175630257125     -0.4998533564805                    0                    0       2.292513351567                    0                   17     0.07172128531956     0.07172128531956
               MQD3E40           2850.27221           20.9498176           -1.7084092       18.59269296278                    0                    0       26.56552484598      -1.503505293849                    0                    0       3.894682157082                    0                   22     -0.1125128954448     -0.1125128954448
               MQLA2RE         2920.9780873            4.4997139            1.4176538       6.424316159004                    0                    0        6.35020466796       1.657461371326                    0                    0       3.682552467322                    0                   23      0.4277165841597      0.4277165841597
               MQLB8RE         2942.8131119            2.4274661            0.9647408       2.941708661983                    0                    0       3.685176229217       1.240148863568                    0                    0       3.138617135321                    0                   21      0.2118433546746      0.2118433546746
               MQLB1RE         2960.9918734          263.1461398             28.21658      -393.0837153811                    0                    0       451.7368422526       48.40155519661                    0                    0       537.7418347183                    0                   10      -2.493784843965      -2.493784843965
               MQLC7RE         2989.1433603          263.1507975          -28.2212238       595.4940163873                    0                    0       470.7115821029      -72.77987539818                    0                    0       738.6049653848                    0                    6       1.262938292586       1.262938292586
               MQLC3RE         3003.3799331           25.6036831           -7.2885555     -0.6007003983497                    0                    0       35.10255427595    0.006482838755191                    0                    0       19.52712178383                    0                   16      -1.023461483881      -1.023461483881
                MQC2RE         3013.8146988          263.7467378         -135.9911137       872.0909172066                    0                    0       1450.078823551       -446.651016049                    0                    0       4737.597167511                    0                    1       2.306546744354       2.306546744354
                MQC1RE         3015.7846995           93.6284372          176.6381914      -5.967173624129                    0                    0       294.1099750916       36.00945381098                    0                    0       2124.163713284                    0                    2      -1.063732491993      -1.063732491993