@ Measure_optics:version %s "0.2.0"
@ Command %s "/usr/bin/python2 '/nfs/sadnas1a/users/lzuyangrj/Kmodu/Adam/Beta-Beat.src/measure_optics.py' '--model' 'model/' '--accel' 'skekb' '--files' 'output_example/synched_harmonic_output/HER_2019_05_20_18_30_00.sdds' '--output' 'output_example/synched_phase_output/HER_2019_05_20_18_30_00.sdds/'"
@ CWD %s "/nfs/sadnas1a/users/lzuyangrj/Kmodu/Adam/SKEKB_TbT_analysis"
@ Date %s "19. July 2019, 23:27:16"
@ Model_directory %s "model/"
@ TABLE %s "ORBIT"
@ TYPE %s "ORBIT"
@ Q1 %le 0.544071273688
@ Q2 %le 0.5930976731067423
@ FILENAME %s "getCOy.out"
*                 NAME                    S                COUNT                    Y                 STDY                 YMDL               MUYMDL               DELTAY
$                   %s                  %le                   %d                  %le                  %le                  %le                  %le                  %le
                MQC1LE            0.5300002                    1       1.044571727277                  nan                  nan            0.2490992                  nan
                MQC2LE            2.2500008                    1      0.4979523332833                  nan                  nan            0.2499778                  nan
               MQLC3LE           12.9355133                    1        1.25015487017                  nan                  nan            0.2953789                  nan
               MQLC7LE           27.2720861                    1       1.926743145946                  nan                  nan            0.7492946                  nan
               MQLB1LE           55.2235731                    1      0.4821826132121                  nan                  nan            1.2500394                  nan
               MQLB4LE           77.1787307                    1      0.4954578065012                  nan                  nan            1.9465966                  nan
               MQLA2LE           98.9121927                    1      0.5696985501001                  nan                  nan            2.4533248                  nan
               MQLA5LE          119.0986538                    1     0.09092580874207                  nan                  nan              2.94926                  nan
                MQD3E1          164.5639584                    1      0.3104438410954                  nan                  nan            3.4064553                  nan
                MQEAE4          230.8020191                    1      0.3692198476935                  nan                  nan            4.3815318                  nan
                MQD3E4          270.0136808                    1       1.295354591542                  nan                  nan            5.0411482                  nan
                MQEAE6          306.4724249                    1       1.007930762262                  nan                  nan            5.5047961                  nan
              MQTATNE1          354.4092937                    1       1.262541168468                  nan                  nan            6.2268103                  nan
              MQTATNE2          397.7476034                    1      0.8238099659159                  nan                  nan            6.6685508                  nan
                MQEAE8          472.7108711                    1     -0.9799818767267                  nan                  nan            7.7060253                  nan
                MQD3E8          511.9225329                    1      -0.105600059154                  nan                  nan            8.3656416                  nan
               MQEAE10          548.3812769                    1       0.464888526275                  nan                  nan            8.8292895                  nan
               MQEAE11          597.0252838                    1       1.174788576877                  nan                  nan            9.6370935                  nan
               MQR2NE1          696.7698054                    1        -1.1337073004                  nan                  nan             10.85891                  nan
               MQFRNE3          753.3246054                    1      0.3423659328757                  nan                  nan           11.4337841                  nan
               MQDRNE5          781.6020054                    1     -0.2507219731803                  nan                  nan           11.7122452                  nan
               MQEAE13           881.197528                    1       1.463002911211                  nan                  nan           12.8899378                  nan
               MQD3E12          947.4355886                    1     0.07187295810379                  nan                  nan           13.8650143                  nan
               MQEAE16          983.8943327                    1     -0.4350827963463                  nan                  nan           14.3286622                  nan
               MQD3E14         1023.1059944                    1     -0.1479818117749                  nan                  nan           14.9882786                  nan
               MQEAE18         1059.5647385                    1      0.8648529241241                  nan                  nan           15.4519265                  nan
              MQTANFE1         1107.5016074                    1     -0.1278613379556                  nan                  nan           16.1739407                  nan
               MQD3E16         1189.3444407                    1       1.400612356006                  nan                  nan           17.1895078                  nan
               MQEAE20         1225.8031848                    1     -0.2631680205681                  nan                  nan           17.6531557                  nan
               MQD3E18         1265.0148465                    1       1.422837464264                  nan                  nan            18.312772                  nan
               MQEAE22         1301.4735906                    1      0.2509872957587                  nan                  nan           18.7764199                  nan
               MQEAE23         1350.1175975                    1      0.1296939678859                  nan                  nan           19.5842239                  nan
                 MQI6E         1404.3012987                    1      0.1079527439434                  nan                  nan           20.2018289                  nan
                 MQI5E         1418.7440064                    1       1.110560077027                  nan                  nan           20.2546404                  nan
                 MQI4E         1424.1361014                    1      0.7067375605105                  nan                  nan           20.2734103                  nan
                MQX2RE         1494.6206604                    1      0.7070148786286                  nan                  nan           21.2341795                  nan
                 MQM2E         1564.3492168                    1      0.1054563607903                  nan                  nan           22.0286912                  nan
                 MQM7E         1608.8759522                    1       1.680942076877                  nan                  nan           22.6624348                  nan
               MQEAE25         1634.7988225                    1       34.33109298393                  nan                  nan           22.9865152                  nan
               MQD3E21         1671.2575666                    1       2.273277896196                  nan                  nan           23.4501631                  nan
               MQEAE27         1710.4692283                    1     -0.7027340063063                  nan                  nan           24.1097794                  nan
               MQD3E23         1746.9279724                    1      -1.622418912362                  nan                  nan           24.5734273                  nan
               MQEAE29         1786.1396341                    1     -0.2072381669043                  nan                  nan           25.2330437                  nan
               MQEAE30          1813.166033                    1      0.5212738254755                  nan                  nan           25.5485039                  nan
              MQTAFOE1         1861.1278611                    1     -0.6194885987487                  nan                  nan           26.2818318                  nan
              MQTAFOE2         1905.3942301                    1      0.6052840988488                  nan                  nan           26.7136413                  nan
               MQEAE32         1980.3824571                    1      0.7973808248248                  nan                  nan           27.7624294                  nan
               MQD3E29         2065.4852081                    1      0.2089267360502                  nan                  nan           29.0338813                  nan
               MQEAE35         2104.6968698                    1     -0.3693013988464                  nan                  nan           29.6934976                  nan
               MQR2ORE         2203.8099939                    1       -1.26808612973                  nan                  nan           30.8555494                  nan
               MQDROE5         2288.3421939                    1      0.2820620095831                  nan                  nan           32.0959819                  nan
               MQEAE37         2389.8065079                    1       0.676716202953                  nan                  nan           33.3509534                  nan
               MQD3E31          2426.265252                    1       28.93075274089                  nan                  nan           33.8146013                  nan
               MQEAE39         2465.4769137                    1      0.1253917474336                  nan                  nan           34.4742177                  nan
               MQD3E33         2501.9356578                    1      0.7063288106106                  nan                  nan           34.9378656                  nan
               MQEAE41         2541.1473195                    1      0.4450151454454                  nan                  nan           35.5974819                  nan
              MQTAOTE1         2616.1355465                    1     0.08390688501328                  nan                  nan             36.64627                  nan
              MQTAOTE2         2660.4019155                    1      0.9917827547548                  nan                  nan           37.0780795                  nan
               MQEAE44         2735.3901425                    1      0.4876600436436                  nan                  nan           38.1268676                  nan
               MQEAE45         2784.0341494                    1      0.3350583813313                  nan                  nan           38.9346716                  nan
               MQD3E40           2850.27221                    1      -1.155108435135                  nan                  nan           39.9097482                  nan
               MQLA2RE         2920.9780873                    1       1.535713336737                  nan                  nan           41.0885679                  nan
               MQLB8RE         2942.8131119                    1      0.5090173235958                  nan                  nan           41.6299859                  nan
               MQLB1RE         2960.9918734                    1     -0.4394420262995                  nan                  nan           42.3540933                  nan
               MQLC7RE         2989.1433603                    1      0.8876422053867                  nan                  nan            42.854773                  nan
               MQLC3RE         3003.3799331                    1      -1.378552438388                  nan                  nan           43.3284036                  nan
                MQC2RE         3013.8146988                    1     -0.6219681257218                  nan                  nan           43.3540103                  nan
                MQC1RE         3015.7846995                    1      0.2585281847515                  nan                  nan           43.3550008                  nan