@ Measure_optics:version %s "0.2.0"
@ Command %s "/usr/bin/python2 '/home/akoval/work_local/git/Beta-Beat.src/measure_optics.py' '--model' 'model/' '--accel' 'skekb' '--files' 'output_example/synched_harmonic_output/HER_2019_05_20_18_30_00.sdds' '--output' 'output_example/synched_phase_output/HER_2019_05_20_18_30_00.sdds/'"
@ CWD %s "/home/akoval/work_afs/job3_Paul_Andreas_bbeating_tracking/git/SKEKB_TbT_analysis"
@ Date %s "22. July 2019, 10:50:30"
@ Model_directory %s "model/"
@ Q1 %le 0.544071273688
@ Q2 %le 0.5930976731067423
@ FILENAME %s "getphasetoty.out"
*                    S               MUYMDL                 NAME                NAME2                   S2               PHASEY               STDPHY               PHYMDL          DELTAPHASEY
$                  %le                  %le                   %s                   %s                  %le                  %le                  %le                  %le                  %le
             0.5300002            0.2490992               MQC1LE               MQC1LE            0.5300002                    0                  nan                    0                    0
             2.2500008            0.2499778               MQC2LE               MQC1LE            0.5300002       0.019014701754                  nan            0.0008786       0.018136101754
            12.9355133            0.2953789              MQLC3LE               MQC1LE            0.5300002      0.8269493198912                  nan            0.0462797     -0.2193303801088
            27.2720861            0.7492946              MQLC7LE               MQC1LE            0.5300002      0.6743363728341                  nan            0.5001954      0.1741409728341
            55.2235731            1.2500394              MQLB1LE               MQC1LE            0.5300002      0.4569428482434                  nan   0.0009401999999998      0.4560026482434
            77.1787307            1.9465966              MQLB4LE               MQC1LE            0.5300002      0.6190357798726                  nan            0.6974974     -0.0784616201274
            98.9121927            2.4533248              MQLA2LE               MQC1LE            0.5300002      0.6656367237282                  nan            0.2042256      0.4614111237282
           119.0986538              2.94926              MQLA5LE               MQC1LE            0.5300002      0.6451050071547                  nan            0.7001608     -0.0550557928453
           164.5639584            3.4064553               MQD3E1               MQC1LE            0.5300002      0.2226543121883                  nan            0.1573561     0.06529821218832
           230.8020191            4.3815318               MQEAE4               MQC1LE            0.5300002      0.2186255977895                  nan            0.1324326     0.08619299778946
           270.0136808            5.0411482               MQD3E4               MQC1LE            0.5300002      0.7728375432848                  nan             0.792049     -0.0192114567152
           306.4724249            5.5047961               MQEAE6               MQC1LE            0.5300002      0.2678088962535                  nan            0.2556969     0.01211199625354
           354.4092937            6.2268103             MQTATNE1               MQC1LE            0.5300002      0.0632019743262                  nan            0.9777111      0.0854908743262
           397.7476034            6.6685508             MQTATNE2               MQC1LE            0.5300002      0.3372184879538                  nan            0.4194516     -0.0822331120462
           472.7108711            7.7060253               MQEAE8               MQC1LE            0.5300002       0.582578475153                  nan            0.4569261       0.125652375153
           511.9225329            8.3656416               MQD3E8               MQC1LE            0.5300002      0.1897070282357                  nan            0.1165424     0.07316462823569
           548.3812769            8.8292895              MQEAE10               MQC1LE            0.5300002      0.4959250075368                  nan            0.5801903     -0.0842652924632
           597.0252838            9.6370935              MQEAE11               MQC1LE            0.5300002      0.5967255562209                  nan            0.3879943      0.2087312562209
           696.7698054             10.85891              MQR2NE1               MQC1LE            0.5300002      0.6447699469152                  nan            0.6098108      0.0349591469152
           753.3246054           11.4337841              MQFRNE3               MQC1LE            0.5300002      0.3045624458153                  nan            0.1846849      0.1198775458153
           781.6020054           11.7122452              MQDRNE5               MQC1LE            0.5300002      0.8408122702818                  nan             0.463146      0.3776662702818
            881.197528           12.8899378              MQEAE13               MQC1LE            0.5300002      0.8908059056669                  nan            0.6408386      0.2499673056669
           947.4355886           13.8650143              MQD3E12               MQC1LE            0.5300002      0.6000880724431                  nan            0.6159151     -0.0158270275569
           983.8943327           14.3286622              MQEAE16               MQC1LE            0.5300002      0.2989041387631                  nan             0.079563      0.2193411387631
          1023.1059944           14.9882786              MQD3E14               MQC1LE            0.5300002      0.9845047429331                  nan            0.7391794      0.2453253429331
          1059.5647385           15.4519265              MQEAE18               MQC1LE            0.5300002      0.4763299738725                  nan            0.2028273      0.2735026738725
          1107.5016074           16.1739407             MQTANFE1               MQC1LE            0.5300002      0.9705521750364                  nan            0.9248415      0.0457106750364
          1189.3444407           17.1895078              MQD3E16               MQC1LE            0.5300002      0.9460458799406                  nan            0.9404086    0.005637279940599
          1225.8031848           17.6531557              MQEAE20               MQC1LE            0.5300002      0.6476718683293                  nan            0.4040565      0.2436153683293
          1265.0148465            18.312772              MQD3E18               MQC1LE            0.5300002      0.0429775512635                  nan            0.0636728     -0.0206952487365
          1301.4735906           18.7764199              MQEAE22               MQC1LE            0.5300002       0.576653540115                  nan            0.5273207       0.049332840115
          1350.1175975           19.5842239              MQEAE23               MQC1LE            0.5300002      0.4509331856694                  nan            0.3351247      0.1158084856694
          1404.3012987           20.2018289                MQI6E               MQC1LE            0.5300002      0.1905630862927                  nan            0.9527297      0.2378333862927
          1418.7440064           20.2546404                MQI5E               MQC1LE            0.5300002      0.4372222715793                  nan            0.0055412      0.4316810715793
          1424.1361014           20.2734103                MQI4E               MQC1LE            0.5300002      0.3954454024858                  nan            0.0243111      0.3711343024858
          1494.6206604           21.2341795               MQX2RE               MQC1LE            0.5300002      0.5181933092077                  nan            0.9850803     -0.4668869907923
          1564.3492168           22.0286912                MQM2E               MQC1LE            0.5300002      0.9281695655854                  nan             0.779592      0.1485775655854
          1608.8759522           22.6624348                MQM7E               MQC1LE            0.5300002      0.6909371265192                  nan            0.4133356      0.2776015265192
          1634.7988225           22.9865152              MQEAE25               MQC1LE            0.5300002      0.1739234828594                  nan             0.737416      0.4365074828594
          1671.2575666           23.4501631              MQD3E21               MQC1LE            0.5300002      0.4040356549324                  nan            0.2010639      0.2029717549324
          1710.4692283           24.1097794              MQEAE27               MQC1LE            0.5300002      0.4429303882337                  nan            0.8606802     -0.4177498117663
          1746.9279724           24.5734273              MQD3E23               MQC1LE            0.5300002      0.7789045703063                  nan            0.3243281      0.4545764703063
          1786.1396341           25.2330437              MQEAE29               MQC1LE            0.5300002      0.1527219578214                  nan            0.9839445      0.1687774578214
           1813.166033           25.5485039              MQEAE30               MQC1LE            0.5300002      0.3780213717663                  nan            0.2994047      0.0786166717663
          1861.1278611           26.2818318             MQTAFOE1               MQC1LE            0.5300002      0.1388329658131                  nan            0.0327326      0.1061003658131
          1905.3942301           26.7136413             MQTAFOE2               MQC1LE            0.5300002      0.5631301424731                  nan            0.4645421      0.0985880424731
          1980.3824571           27.7624294              MQEAE32               MQC1LE            0.5300002      0.5607151844857                  nan            0.5133302      0.0473849844857
          2065.4852081           29.0338813              MQD3E29               MQC1LE            0.5300002      0.8786025090838                  nan            0.7847821      0.0938204090838
          2104.6968698           29.6934976              MQEAE35               MQC1LE            0.5300002       0.895843701894                  nan            0.4443984       0.451445301894
          2203.8099939           30.8555494              MQR2ORE               MQC1LE            0.5300002      0.3376858331726                  nan            0.6064502     -0.2687643668274
          2288.3421939           32.0959819              MQDROE5               MQC1LE            0.5300002      0.1466331047317                  nan            0.8468827      0.2997504047317
          2389.8065079           33.3509534              MQEAE37               MQC1LE            0.5300002      0.3091935564493                  nan            0.1018542      0.2073393564493
           2426.265252           33.8146013              MQD3E31               MQC1LE            0.5300002      0.8418820630184                  nan            0.5655021      0.2763799630184
          2465.4769137           34.4742177              MQEAE39               MQC1LE            0.5300002      0.3406986406845                  nan            0.2251185      0.1155801406845
          2501.9356578           34.9378656              MQD3E33               MQC1LE            0.5300002      0.5319114893822                  nan            0.6887664     -0.1568549106178
          2541.1473195           35.5974819              MQEAE41               MQC1LE            0.5300002      0.7905515067272                  nan            0.3483827      0.4421688067272
          2616.1355465             36.64627             MQTAOTE1               MQC1LE            0.5300002      0.4539650702647                  nan            0.3971708      0.0567942702647
          2660.4019155           37.0780795             MQTAOTE2               MQC1LE            0.5300002      0.4347580295109                  nan            0.8289803     -0.3942222704891
          2735.3901425           38.1268676              MQEAE44               MQC1LE            0.5300002      0.2387773264063                  nan            0.8777684      0.3610089264063
          2784.0341494           38.9346716              MQEAE45               MQC1LE            0.5300002      0.5659136121041                  nan            0.6855724     -0.1196587878959
            2850.27221           39.9097482              MQD3E40               MQC1LE            0.5300002      0.2852788110282                  nan             0.660649     -0.3753701889718
          2920.9780873           41.0885679              MQLA2RE               MQC1LE            0.5300002        0.85770129098                  nan            0.8394687        0.01823259098
          2942.8131119           41.6299859              MQLB8RE               MQC1LE            0.5300002      0.3707355034824                  nan            0.3808867     -0.0101511965176
          2960.9918734           42.3540933              MQLB1RE               MQC1LE            0.5300002      0.2005020616646                  nan            0.1049941     0.09550796166465
          2989.1433603            42.854773              MQLC7RE               MQC1LE            0.5300002      0.5441579923678                  nan            0.6056738     -0.0615158076322
          3003.3799331           43.3284036              MQLC3RE               MQC1LE            0.5300002      0.1296849938401                  nan            0.0793044      0.0503805938401
          3013.8146988           43.3540103               MQC2RE               MQC1LE            0.5300002      0.4143833772541                  nan            0.1049111      0.3094722772541
          3015.7846995           43.3550008               MQC1RE               MQC1LE            0.5300002      0.2871413799894                  nan            0.1059016      0.1812397799894