@ Measure_optics:version %s "0.2.0"
@ Command %s "/usr/bin/python2 '/home/akoval/work_local/git/Beta-Beat.src/measure_optics.py' '--model' 'model/' '--accel' 'skekb' '--files' 'output_example/synched_harmonic_output/HER_2019_05_20_18_30_00.sdds' '--output' 'output_example/synched_phase_output/HER_2019_05_20_18_30_00.sdds/'"
@ CWD %s "/home/akoval/work_afs/job3_Paul_Andreas_bbeating_tracking/git/SKEKB_TbT_analysis"
@ Date %s "22. July 2019, 10:50:30"
@ Model_directory %s "model/"
@ Q1 %le 0.544071273688
@ Q2 %le 0.5930976731067423
@ FILENAME %s "getphasetotx.out"
*                    S               MUXMDL                 NAME                NAME2                   S2               PHASEX               STDPHX               PHXMDL          DELTAPHASEX
$                  %le                  %le                   %s                   %s                  %le                  %le                  %le                  %le                  %le
             0.5300002            0.2203223               MQC1LE               MQC1LE            0.5300002                    0                  nan                    0                    0
             2.2500008            0.2410243               MQC2LE               MQC1LE            0.5300002      0.0191533523055                  nan             0.020702     -0.0015486476945
            12.9355133            0.2616968              MQLC3LE               MQC1LE            0.5300002      0.0401650100552                  nan            0.0413745     -0.0012094899448
            27.2720861            0.4721468              MQLC7LE               MQC1LE            0.5300002      0.8166751288223                  nan            0.2518245     -0.4351493711777
            55.2235731            0.9879476              MQLB1LE               MQC1LE            0.5300002      0.7899369661208                  nan            0.7676253      0.0223116661208
            77.1787307            1.3202075              MQLB4LE               MQC1LE            0.5300002      0.1101405771286                  nan            0.0998852      0.0102553771286
            98.9121927            1.8242478              MQLA2LE               MQC1LE            0.5300002      0.6133786405382                  nan            0.6039255      0.0094531405382
           119.0986538            2.3120774              MQLA5LE               MQC1LE            0.5300002      0.1023297224823                  nan            0.0917551      0.0105746224823
           164.5639584            3.0072166               MQD3E1               MQC1LE            0.5300002      0.9018298674429                  nan            0.7868943      0.1149355674429
           230.8020191            4.0807687               MQEAE4               MQC1LE            0.5300002      0.4365575072293                  nan            0.8604464     -0.4238888927707
           270.0136808            4.6861856               MQD3E4               MQC1LE            0.5300002      0.4912113506482                  nan            0.4658633     0.02534805064823
           306.4724249            5.2289045               MQEAE6               MQC1LE            0.5300002      0.0271152636736                  nan    0.008582199999999      0.0185330636736
           354.4092937            5.9292318             MQTATNE1               MQC1LE            0.5300002      0.7088922590061                  nan            0.7089095  -1.724099389999e-05
           397.7476034            6.4015278             MQTATNE2               MQC1LE            0.5300002      0.1785661986456                  nan            0.1812055     -0.0026393013544
           472.7108711            7.5699902               MQEAE8               MQC1LE            0.5300002      0.9115932445851                  nan            0.3496679     -0.4380746554149
           511.9225329            8.1754072               MQD3E8               MQC1LE            0.5300002      0.9760344596411                  nan            0.9550849      0.0209495596411
           548.3812769             8.718126              MQEAE10               MQC1LE            0.5300002      0.5159242575181                  nan            0.4978037      0.0181205575181
           597.0252838            9.3981267              MQEAE11               MQC1LE            0.5300002      0.7277865149244                  nan            0.1778044     -0.4500178850756
           696.7698054           10.9206195              MQR2NE1               MQC1LE            0.5300002      0.2557061177299                  nan            0.7002972     -0.4445910822701
           753.3246054           11.5379038              MQFRNE3               MQC1LE            0.5300002      0.4172370538681                  nan            0.3175815     0.09965555386808
           781.6020054            11.856421              MQDRNE5               MQC1LE            0.5300002      0.1819635550555                  nan            0.6360987     -0.4541351449445
            881.197528           13.2020923              MQEAE13               MQC1LE            0.5300002      0.5360033834885                  nan              0.98177     -0.4457666165115
           947.4355886           14.2756444              MQD3E12               MQC1LE            0.5300002      0.6081046238105                  nan            0.0553221     -0.4472174761895
           983.8943327           14.8183633              MQEAE16               MQC1LE            0.5300002       0.694868526964                  nan             0.598041       0.096827526964
          1023.1059944           15.4237802              MQD3E14               MQC1LE            0.5300002      0.7624010093652                  nan            0.2034579     -0.4410568906348
          1059.5647385           15.9664991              MQEAE18               MQC1LE            0.5300002      0.3059634733278                  nan            0.7461768     -0.4402133266722
          1107.5016074           16.6668263             MQTANFE1               MQC1LE            0.5300002      0.5352340327789                  nan             0.446504      0.0887300327789
          1189.3444407            17.764866              MQD3E16               MQC1LE            0.5300002      0.5382747342972                  nan            0.5445437   -0.006268965702802
          1225.8031848           18.3075848              MQEAE20               MQC1LE            0.5300002      0.6213972015218                  nan            0.0872625     -0.4658652984782
          1265.0148465           18.9130018              MQD3E18               MQC1LE            0.5300002      0.6906564806365                  nan            0.6926795     -0.0020230193635
          1301.4735906           19.4557206              MQEAE22               MQC1LE            0.5300002      0.7816865193097                  nan            0.2353983     -0.4537117806903
          1350.1175975           20.1357212              MQEAE23               MQC1LE            0.5300002      0.9191422586455                  nan            0.9153989      0.0037433586455
          1404.3012987             21.14351                MQI6E               MQC1LE            0.5300002      0.4698115074565                  nan            0.9231877     -0.4533761925435
          1418.7440064           21.2614628                MQI5E               MQC1LE            0.5300002      0.5776502565249                  nan            0.0411405     -0.4634902434751
          1424.1361014           21.2754895                MQI4E               MQC1LE            0.5300002      0.5898077789904                  nan            0.0551672     -0.4653594210096
          1494.6206604           22.6372352               MQX2RE               MQC1LE            0.5300002      0.9689594300274                  nan            0.4169129     -0.4479534699726
          1564.3492168           23.6951094                MQM2E               MQC1LE            0.5300002      0.5645820077836                  nan            0.4747871      0.0897949077836
          1608.8759522           24.4296714                MQM7E               MQC1LE            0.5300002      0.7740238741925                  nan            0.2093491     -0.4353252258075
          1634.7988225           24.9087078              MQEAE25               MQC1LE            0.5300002      0.7960316558463                  nan            0.6883855      0.1076461558463
          1671.2575666           25.4514267              MQD3E21               MQC1LE            0.5300002      0.2535976948583                  nan            0.2311044      0.0224932948583
          1710.4692283           26.0568436              MQEAE27               MQC1LE            0.5300002      0.8559129925239                  nan            0.8365213      0.0193916925239
          1746.9279724           26.5995625              MQD3E23               MQC1LE            0.5300002      0.3950264511679                  nan            0.3792402     0.01578625116791
          1786.1396341           27.2049794              MQEAE29               MQC1LE            0.5300002      0.9877706952852                  nan            0.9846571      0.0031135952852
           1813.166033           27.6731146              MQEAE30               MQC1LE            0.5300002      0.9144383031633                  nan            0.4527923      0.4616460031633
          1861.1278611           28.3637785             MQTAFOE1               MQC1LE            0.5300002      0.5878045037038                  nan            0.1434562      0.4443483037038
          1905.3942301           28.8386941             MQTAFOE2               MQC1LE            0.5300002      0.6090652409659                  nan            0.6183718   -0.009306559034102
          1980.3824571           29.9974932              MQEAE32               MQC1LE            0.5300002       0.769031399703                  nan            0.7771709   -0.008139500297002
          2065.4852081           31.2202127              MQD3E29               MQC1LE            0.5300002      0.0048813757873                  nan            0.9998904    0.004990975787298
          2104.6968698           31.8256296              MQEAE35               MQC1LE            0.5300002      0.1435748101913                  nan            0.6053073     -0.4617324898087
          2203.8099939           33.1656568              MQR2ORE               MQC1LE            0.5300002      0.9353649505378                  nan            0.9453345   -0.009969549462201
          2288.3421939           34.2378829              MQDROE5               MQC1LE            0.5300002      0.0133143102538                  nan            0.0175606   -0.004246289746203
          2389.8065079           35.8334041              MQEAE37               MQC1LE            0.5300002      0.0664276109518                  nan            0.6130818      0.4533458109518
           2426.265252           36.3761229              MQD3E31               MQC1LE            0.5300002       0.618879348241                  nan            0.1558006       0.463078748241
          2465.4769137           36.9815398              MQEAE39               MQC1LE            0.5300002      0.1995712680177                  nan            0.7612175      0.4383537680177
          2501.9356578           37.5242587              MQD3E33               MQC1LE            0.5300002      0.2852955177441                  nan            0.3039364     -0.0186408822559
          2541.1473195           38.1296756              MQEAE41               MQC1LE            0.5300002      0.8886970374967                  nan            0.9093533     -0.0206562625033
          2616.1355465           39.2884747             MQTAOTE1               MQC1LE            0.5300002       0.051773864806                  nan            0.0681524      -0.016378535194
          2660.4019155           39.7633903             MQTAOTE2               MQC1LE            0.5300002      0.5275043310822                  nan             0.543068    -0.01556366891783
          2735.3901425           40.9221894              MQEAE44               MQC1LE            0.5300002      0.6796598744113                  nan            0.7018671     -0.0222072255887
          2784.0341494             41.60219              MQEAE45               MQC1LE            0.5300002      0.3557592907178                  nan            0.3818677    -0.02610840928218
            2850.27221           42.6757421              MQD3E40               MQC1LE            0.5300002      0.8996503765466                  nan            0.4554198      0.4442305765466
          2920.9780873           43.8035918              MQLA2RE               MQC1LE            0.5300002      0.0345931275528                  nan            0.5832695      0.4513236275528
          2942.8131119           44.3053034              MQLB8RE               MQC1LE            0.5300002      0.5358512203397                  nan            0.0849811      0.4508701203397
          2960.9918734           44.5395614              MQLB1RE               MQC1LE            0.5300002       0.716846649618                  nan            0.3192391       0.397607549618
          2989.1433603           45.0677164              MQLC7RE               MQC1LE            0.5300002      0.7948125608706                  nan            0.8473941     -0.0525815391294
          3003.3799331           45.2894231              MQLC3RE               MQC1LE            0.5300002      0.5196619243469                  nan            0.0691008      0.4505611243469
          3013.8146988           45.3047308               MQC2RE               MQC1LE            0.5300002      0.9922071351839                  nan            0.0844085     -0.0922013648161
          3015.7846995           45.3257444               MQC1RE               MQC1LE            0.5300002       0.555568523423                  nan            0.1054221       0.450146423423